# JRE version: Java(TM) SE Runtime Environment (15.0.1+9) (build 15.0.1+9-18)
# Java VM: Java HotSpot(TM) 64-Bit Server VM (15.0.1+9-18, mixed mode, sharing, tiered, compressed oops, g1 gc, windows-amd64)
GC Precious Log:
 CPUs: 2 total, 2 available
 Memory: 7369M
 Large Page Support: Disabled
 NUMA Support: Disabled
 Compressed Oops: Enabled (32-bit)
 Heap Region Size: 1M
 Heap Min Capacity: 8M
 Heap Initial Capacity: 116M
 Heap Max Capacity: 2G
 Pre-touch: Disabled
 Parallel Workers: 2
 Concurrent Workers: 1
 Concurrent Refinement Workers: 2
 Periodic GC: Disabled
Heap:
 garbage-first heap   total 608256K, used 137716K [0x0000000080000000, 0x0000000100000000)
  region size 1024K, 8 young (8192K), 8 survivors (8192K)
 Metaspace       used 107645K, capacity 109015K, committed 109184K, reserved 1144832K
  class space    used 13221K, capacity 13601K, committed 13696K, reserved 1048576K
GC Heap History (20 events):
Event: 107.679 GC heap after
{Heap after GC invocations=71 (full 0):
 garbage-first heap   total 227328K, used 137718K [0x0000000080000000, 0x0000000100000000)
  region size 1024K, 2 young (2048K), 2 survivors (2048K)
 Metaspace       used 100054K, capacity 101427K, committed 101632K, reserved 1138688K
  class space    used 12367K, capacity 12752K, committed 12800K, reserved 1048576K
}
Event: 108.468 GC heap before
{Heap before GC invocations=71 (full 0):
 garbage-first heap   total 227328K, used 152054K [0x0000000080000000, 0x0000000100000000)
  region size 1024K, 17 young (17408K), 2 survivors (2048K)
 Metaspace       used 102158K, capacity 103557K, committed 103808K, reserved 1140736K
  class space    used 12662K, capacity 13075K, committed 13184K, reserved 1048576K
}
Event: 108.486 GC heap after
{Heap after GC invocations=72 (full 0):
 garbage-first heap   total 227328K, used 139206K [0x0000000080000000, 0x0000000100000000)
  region size 1024K, 4 young (4096K), 4 survivors (4096K)
 Metaspace       used 102158K, capacity 103557K, committed 103808K, reserved 1140736K
  class space    used 12662K, capacity 13075K, committed 13184K, reserved 1048576K
}
Event: 110.595 GC heap before
{Heap before GC invocations=73 (full 0):
 garbage-first heap   total 237568K, used 167878K [0x0000000080000000, 0x0000000100000000)
  region size 1024K, 31 young (31744K), 4 survivors (4096K)
 Metaspace       used 103008K, capacity 104407K, committed 104576K, reserved 1140736K
  class space    used 12724K, capacity 13142K, committed 13184K, reserved 1048576K
}
Event: 110.635 GC heap after
{Heap after GC invocations=74 (full 0):
 garbage-first heap   total 237568K, used 150284K [0x0000000080000000, 0x0000000100000000)
  region size 1024K, 4 young (4096K), 4 survivors (4096K)
 Metaspace       used 103008K, capacity 104407K, committed 104576K, reserved 1140736K
  class space    used 12724K, capacity 13142K, committed 13184K, reserved 1048576K
}
Event: 110.838 GC heap before
{Heap before GC invocations=74 (full 0):
 garbage-first heap   total 237568K, used 177932K [0x0000000080000000, 0x0000000100000000)
  region size 1024K, 31 young (31744K), 4 survivors (4096K)
 Metaspace       used 103008K, capacity 104407K, committed 104576K, reserved 1140736K
  class space    used 12724K, capacity 13142K, committed 13184K, reserved 1048576K
}
Event: 110.913 GC heap after
{Heap after GC invocations=75 (full 0):
 garbage-first heap   total 237568K, used 174070K [0x0000000080000000, 0x0000000100000000)
  region size 1024K, 4 young (4096K), 4 survivors (4096K)
 Metaspace       used 103008K, capacity 104407K, committed 104576K, reserved 1140736K
  class space    used 12724K, capacity 13142K, committed 13184K, reserved 1048576K
}
Event: 112.197 GC heap before
{Heap before GC invocations=76 (full 0):
 garbage-first heap   total 293888K, used 188406K [0x0000000080000000, 0x0000000100000000)
  region size 1024K, 18 young (18432K), 4 survivors (4096K)
 Metaspace       used 103028K, capacity 104471K, committed 104576K, reserved 1140736K
  class space    used 12724K, capacity 13142K, committed 13184K, reserved 1048576K
}
Event: 112.243 GC heap after
{Heap after GC invocations=77 (full 0):
 garbage-first heap   total 293888K, used 187382K [0x0000000080000000, 0x0000000100000000)
  region size 1024K, 3 young (3072K), 3 survivors (3072K)
 Metaspace       used 103028K, capacity 104471K, committed 104576K, reserved 1140736K
  class space    used 12724K, capacity 13142K, committed 13184K, reserved 1048576K
}
Event: 113.136 GC heap before
{Heap before GC invocations=77 (full 0):
 garbage-first heap   total 293888K, used 216054K [0x0000000080000000, 0x0000000100000000)
  region size 1024K, 31 young (31744K), 3 survivors (3072K)
 Metaspace       used 103054K, capacity 104475K, committed 104576K, reserved 1140736K
  class space    used 12724K, capacity 13142K, committed 13184K, reserved 1048576K
}
Event: 113.193 GC heap after
{Heap after GC invocations=78 (full 0):
 garbage-first heap   total 293888K, used 208374K [0x0000000080000000, 0x0000000100000000)
  region size 1024K, 4 young (4096K), 4 survivors (4096K)
 Metaspace       used 103054K, capacity 104475K, committed 104576K, reserved 1140736K
  class space    used 12724K, capacity 13142K, committed 13184K, reserved 1048576K
}
Event: 113.252 GC heap before
{Heap before GC invocations=78 (full 0):
 garbage-first heap   total 293888K, used 225782K [0x0000000080000000, 0x0000000100000000)
  region size 1024K, 21 young (21504K), 4 survivors (4096K)
 Metaspace       used 103054K, capacity 104475K, committed 104576K, reserved 1140736K
  class space    used 12724K, capacity 13142K, committed 13184K, reserved 1048576K
}
Event: 113.305 GC heap after
{Heap after GC invocations=79 (full 0):
 garbage-first heap   total 353280K, used 226294K [0x0000000080000000, 0x0000000100000000)
  region size 1024K, 3 young (3072K), 3 survivors (3072K)
 Metaspace       used 103054K, capacity 104475K, committed 104576K, reserved 1140736K
  class space    used 12724K, capacity 13142K, committed 13184K, reserved 1048576K
}
Event: 116.529 GC heap before
{Heap before GC invocations=80 (full 0):
 garbage-first heap   total 353280K, used 219126K [0x0000000080000000, 0x0000000100000000)
  region size 1024K, 35 young (35840K), 3 survivors (3072K)
 Metaspace       used 104850K, capacity 106241K, committed 106496K, reserved 1142784K
  class space    used 12894K, capacity 13304K, committed 13312K, reserved 1048576K
}
Event: 116.577 GC heap after
{Heap after GC invocations=81 (full 0):
 garbage-first heap   total 353280K, used 195574K [0x0000000080000000, 0x0000000100000000)
  region size 1024K, 5 young (5120K), 5 survivors (5120K)
 Metaspace       used 104850K, capacity 106241K, committed 106496K, reserved 1142784K
  class space    used 12894K, capacity 13304K, committed 13312K, reserved 1048576K
}
Event: 117.320 GC heap before
{Heap before GC invocations=81 (full 0):
 garbage-first heap   total 353280K, used 207862K [0x0000000080000000, 0x0000000100000000)
  region size 1024K, 17 young (17408K), 5 survivors (5120K)
 Metaspace       used 105009K, capacity 106433K, committed 106496K, reserved 1142784K
  class space    used 12896K, capacity 13304K, committed 13312K, reserved 1048576K
}
Event: 117.537 GC heap after
{Heap after GC invocations=82 (full 0):
 garbage-first heap   total 353280K, used 179619K [0x0000000080000000, 0x0000000100000000)
  region size 1024K, 1 young (1024K), 1 survivors (1024K)
 Metaspace       used 105009K, capacity 106433K, committed 106496K, reserved 1142784K
  class space    used 12896K, capacity 13304K, committed 13312K, reserved 1048576K
}
Event: 121.946 GC heap before
{Heap before GC invocations=82 (full 0):
 garbage-first heap   total 353280K, used 231843K [0x0000000080000000, 0x0000000100000000)
  region size 1024K, 53 young (54272K), 1 survivors (1024K)
 Metaspace       used 106506K, capacity 107889K, committed 107904K, reserved 1144832K
  class space    used 13073K, capacity 13440K, committed 13440K, reserved 1048576K
}
Event: 122.008 GC heap after
{Heap after GC invocations=83 (full 0):
 garbage-first heap   total 353280K, used 185405K [0x0000000080000000, 0x0000000100000000)
  region size 1024K, 7 young (7168K), 7 survivors (7168K)
 Metaspace       used 106506K, capacity 107889K, committed 107904K, reserved 1144832K
  class space    used 13073K, capacity 13440K, committed 13440K, reserved 1048576K
}
Event: 126.093 GC heap before
{Heap before GC invocations=84 (full 0):
 garbage-first heap   total 353280K, used 185405K [0x0000000080000000, 0x0000000100000000)
  region size 1024K, 63 young (64512K), 7 survivors (7168K)
 Metaspace       used 107645K, capacity 109015K, committed 109184K, reserved 1144832K
  class space    used 13221K, capacity 13601K, committed 13696K, reserved 1048576K
}

