# JRE version: Java(TM) SE Runtime Environment (15.0.1+9) (build 15.0.1+9-18)
# Java VM: Java HotSpot(TM) 64-Bit Server VM (15.0.1+9-18, mixed mode, sharing, tiered, compressed oops, g1 gc, windows-amd64)
GC Precious Log:
 CPUs: 2 total, 2 available
 Memory: 7369M
 Large Page Support: Disabled
 NUMA Support: Disabled
 Compressed Oops: Enabled (32-bit)
 Heap Region Size: 1M
 Heap Min Capacity: 8M
 Heap Initial Capacity: 116M
 Heap Max Capacity: 2G
 Pre-touch: Disabled
 Parallel Workers: 2
 Concurrent Workers: 1
 Concurrent Refinement Workers: 2
 Periodic GC: Disabled
Heap:
 garbage-first heap   total 526336K, used 269269K [0x0000000080000000, 0x0000000100000000)
  region size 1024K, 8 young (8192K), 8 survivors (8192K)
 Metaspace       used 124105K, capacity 125638K, committed 125948K, reserved 1159168K
  class space    used 15081K, capacity 15509K, committed 15616K, reserved 1048576K
GC Heap History (20 events):
Event: 159.862 GC heap after
{Heap after GC invocations=76 (full 0):
 garbage-first heap   total 340992K, used 232448K [0x0000000080000000, 0x0000000100000000)
  region size 1024K, 8 young (8192K), 8 survivors (8192K)
 Metaspace       used 122386K, capacity 123928K, committed 124156K, reserved 1159168K
  class space    used 14887K, capacity 15346K, committed 15360K, reserved 1048576K
}
Event: 162.364 GC heap before
{Heap before GC invocations=77 (full 0):
 garbage-first heap   total 340992K, used 239616K [0x0000000080000000, 0x0000000100000000)
  region size 1024K, 52 young (53248K), 8 survivors (8192K)
 Metaspace       used 122387K, capacity 123928K, committed 124156K, reserved 1159168K
  class space    used 14887K, capacity 15346K, committed 15360K, reserved 1048576K
}
Event: 162.522 GC heap after
{Heap after GC invocations=78 (full 0):
 garbage-first heap   total 340992K, used 206336K [0x0000000080000000, 0x0000000100000000)
  region size 1024K, 7 young (7168K), 7 survivors (7168K)
 Metaspace       used 122387K, capacity 123928K, committed 124156K, reserved 1159168K
  class space    used 14887K, capacity 15346K, committed 15360K, reserved 1048576K
}
Event: 162.825 GC heap before
{Heap before GC invocations=78 (full 0):
 garbage-first heap   total 340992K, used 215552K [0x0000000080000000, 0x0000000100000000)
  region size 1024K, 16 young (16384K), 7 survivors (7168K)
 Metaspace       used 122387K, capacity 123928K, committed 124156K, reserved 1159168K
  class space    used 14887K, capacity 15346K, committed 15360K, reserved 1048576K
}
Event: 162.897 GC heap after
{Heap after GC invocations=79 (full 0):
 garbage-first heap   total 340992K, used 175104K [0x0000000080000000, 0x0000000100000000)
  region size 1024K, 2 young (2048K), 2 survivors (2048K)
 Metaspace       used 122387K, capacity 123928K, committed 124156K, reserved 1159168K
  class space    used 14887K, capacity 15346K, committed 15360K, reserved 1048576K
}
Event: 163.317 GC heap before
{Heap before GC invocations=79 (full 0):
 garbage-first heap   total 340992K, used 189440K [0x0000000080000000, 0x0000000100000000)
  region size 1024K, 16 young (16384K), 2 survivors (2048K)
 Metaspace       used 122387K, capacity 123928K, committed 124156K, reserved 1159168K
  class space    used 14887K, capacity 15346K, committed 15360K, reserved 1048576K
}
Event: 163.438 GC heap after
{Heap after GC invocations=80 (full 0):
 garbage-first heap   total 340992K, used 165376K [0x0000000080000000, 0x0000000100000000)
  region size 1024K, 2 young (2048K), 2 survivors (2048K)
 Metaspace       used 122387K, capacity 123928K, committed 124156K, reserved 1159168K
  class space    used 14887K, capacity 15346K, committed 15360K, reserved 1048576K
}
Event: 167.655 GC heap before
{Heap before GC invocations=80 (full 0):
 garbage-first heap   total 340992K, used 254464K [0x0000000080000000, 0x0000000100000000)
  region size 1024K, 87 young (89088K), 2 survivors (2048K)
 Metaspace       used 122388K, capacity 123928K, committed 124156K, reserved 1159168K
  class space    used 14888K, capacity 15346K, committed 15360K, reserved 1048576K
}
Event: 167.820 GC heap after
{Heap after GC invocations=81 (full 0):
 garbage-first heap   total 340992K, used 190976K [0x0000000080000000, 0x0000000100000000)
  region size 1024K, 11 young (11264K), 11 survivors (11264K)
 Metaspace       used 122388K, capacity 123928K, committed 124156K, reserved 1159168K
  class space    used 14888K, capacity 15346K, committed 15360K, reserved 1048576K
}
Event: 168.170 GC heap before
{Heap before GC invocations=81 (full 0):
 garbage-first heap   total 340992K, used 198144K [0x0000000080000000, 0x0000000100000000)
  region size 1024K, 18 young (18432K), 11 survivors (11264K)
 Metaspace       used 122388K, capacity 123928K, committed 124156K, reserved 1159168K
  class space    used 14888K, capacity 15346K, committed 15360K, reserved 1048576K
}
Event: 168.305 GC heap after
{Heap after GC invocations=82 (full 0):
 garbage-first heap   total 340992K, used 193536K [0x0000000080000000, 0x0000000100000000)
  region size 1024K, 3 young (3072K), 3 survivors (3072K)
 Metaspace       used 122388K, capacity 123928K, committed 124156K, reserved 1159168K
  class space    used 14888K, capacity 15346K, committed 15360K, reserved 1048576K
}
Event: 170.473 GC heap before
{Heap before GC invocations=82 (full 0):
 garbage-first heap   total 340992K, used 259072K [0x0000000080000000, 0x0000000100000000)
  region size 1024K, 65 young (66560K), 3 survivors (3072K)
 Metaspace       used 122421K, capacity 123992K, committed 124156K, reserved 1159168K
  class space    used 14891K, capacity 15346K, committed 15360K, reserved 1048576K
}
Event: 170.615 GC heap after
{Heap after GC invocations=83 (full 0):
 garbage-first heap   total 409600K, used 210944K [0x0000000080000000, 0x0000000100000000)
  region size 1024K, 9 young (9216K), 9 survivors (9216K)
 Metaspace       used 122421K, capacity 123992K, committed 124156K, reserved 1159168K
  class space    used 14891K, capacity 15346K, committed 15360K, reserved 1048576K
}
Event: 171.224 GC heap before
{Heap before GC invocations=83 (full 0):
 garbage-first heap   total 409600K, used 232448K [0x0000000080000000, 0x0000000100000000)
  region size 1024K, 30 young (30720K), 9 survivors (9216K)
 Metaspace       used 122421K, capacity 123992K, committed 124156K, reserved 1159168K
  class space    used 14891K, capacity 15346K, committed 15360K, reserved 1048576K
}
Event: 171.344 GC heap after
{Heap after GC invocations=84 (full 0):
 garbage-first heap   total 409600K, used 215040K [0x0000000080000000, 0x0000000100000000)
  region size 1024K, 4 young (4096K), 4 survivors (4096K)
 Metaspace       used 122421K, capacity 123992K, committed 124156K, reserved 1159168K
  class space    used 14891K, capacity 15346K, committed 15360K, reserved 1048576K
}
Event: 173.602 GC heap before
{Heap before GC invocations=84 (full 0):
 garbage-first heap   total 409600K, used 281600K [0x0000000080000000, 0x0000000100000000)
  region size 1024K, 68 young (69632K), 4 survivors (4096K)
 Metaspace       used 122422K, capacity 123992K, committed 124156K, reserved 1159168K
  class space    used 14891K, capacity 15346K, committed 15360K, reserved 1048576K
}
Event: 173.725 GC heap after
{Heap after GC invocations=85 (full 0):
 garbage-first heap   total 409600K, used 227328K [0x0000000080000000, 0x0000000100000000)
  region size 1024K, 9 young (9216K), 9 survivors (9216K)
 Metaspace       used 122422K, capacity 123992K, committed 124156K, reserved 1159168K
  class space    used 14891K, capacity 15346K, committed 15360K, reserved 1048576K
}
Event: 176.634 GC heap before
{Heap before GC invocations=85 (full 0):
 garbage-first heap   total 409600K, used 278528K [0x0000000080000000, 0x0000000100000000)
  region size 1024K, 59 young (60416K), 9 survivors (9216K)
 Metaspace       used 122491K, capacity 124056K, committed 124156K, reserved 1159168K
  class space    used 14897K, capacity 15346K, committed 15360K, reserved 1048576K
}
Event: 176.743 GC heap after
{Heap after GC invocations=86 (full 0):
 garbage-first heap   total 409600K, used 235520K [0x0000000080000000, 0x0000000100000000)
  region size 1024K, 8 young (8192K), 8 survivors (8192K)
 Metaspace       used 122491K, capacity 124056K, committed 124156K, reserved 1159168K
  class space    used 14897K, capacity 15346K, committed 15360K, reserved 1048576K
}
Event: 191.637 GC heap before
{Heap before GC invocations=86 (full 0):
 garbage-first heap   total 409600K, used 321536K [0x0000000080000000, 0x0000000100000000)
  region size 1024K, 59 young (60416K), 8 survivors (8192K)
 Metaspace       used 124105K, capacity 125638K, committed 125948K, reserved 1159168K
  class space    used 15081K, capacity 15509K, committed 15616K, reserved 1048576K
}

