# JRE version: Java(TM) SE Runtime Environment (15.0.1+9) (build 15.0.1+9-18)
# Java VM: Java HotSpot(TM) 64-Bit Server VM (15.0.1+9-18, mixed mode, sharing, tiered, compressed oops, g1 gc, windows-amd64)
GC Precious Log:
 CPUs: 2 total, 2 available
 Memory: 7369M
 Large Page Support: Disabled
 NUMA Support: Disabled
 Compressed Oops: Enabled (32-bit)
 Heap Region Size: 1M
 Heap Min Capacity: 8M
 Heap Initial Capacity: 116M
 Heap Max Capacity: 2G
 Pre-touch: Disabled
 Parallel Workers: 2
 Concurrent Workers: 1
 Concurrent Refinement Workers: 2
 Periodic GC: Disabled
Heap:
 garbage-first heap   total 466944K, used 217600K [0x0000000080000000, 0x0000000100000000)
  region size 1024K, 10 young (10240K), 10 survivors (10240K)
 Metaspace       used 114283K, capacity 115747K, committed 115840K, reserved 1150976K
  class space    used 13985K, capacity 14451K, committed 14464K, reserved 1048576K
GC Heap History (20 events):
Event: 79.170 GC heap after
{Heap after GC invocations=67 (full 0):
 garbage-first heap   total 226304K, used 166912K [0x0000000080000000, 0x0000000100000000)
  region size 1024K, 3 young (3072K), 3 survivors (3072K)
 Metaspace       used 97844K, capacity 99182K, committed 99328K, reserved 1136640K
  class space    used 12308K, capacity 12691K, committed 12800K, reserved 1048576K
}
Event: 80.503 GC heap before
{Heap before GC invocations=68 (full 0):
 garbage-first heap   total 280576K, used 180224K [0x0000000080000000, 0x0000000100000000)
  region size 1024K, 16 young (16384K), 3 survivors (3072K)
 Metaspace       used 97844K, capacity 99182K, committed 99328K, reserved 1136640K
  class space    used 12308K, capacity 12691K, committed 12800K, reserved 1048576K
}
Event: 80.566 GC heap after
{Heap after GC invocations=69 (full 0):
 garbage-first heap   total 280576K, used 177152K [0x0000000080000000, 0x0000000100000000)
  region size 1024K, 2 young (2048K), 2 survivors (2048K)
 Metaspace       used 97844K, capacity 99182K, committed 99328K, reserved 1136640K
  class space    used 12308K, capacity 12691K, committed 12800K, reserved 1048576K
}
Event: 81.072 GC heap before
{Heap before GC invocations=69 (full 0):
 garbage-first heap   total 280576K, used 204800K [0x0000000080000000, 0x0000000100000000)
  region size 1024K, 29 young (29696K), 2 survivors (2048K)
 Metaspace       used 97914K, capacity 99246K, committed 99584K, reserved 1136640K
  class space    used 12308K, capacity 12691K, committed 12800K, reserved 1048576K
}
Event: 81.129 GC heap after
{Heap after GC invocations=70 (full 0):
 garbage-first heap   total 336896K, used 199680K [0x0000000080000000, 0x0000000100000000)
  region size 1024K, 4 young (4096K), 4 survivors (4096K)
 Metaspace       used 97914K, capacity 99246K, committed 99584K, reserved 1136640K
  class space    used 12308K, capacity 12691K, committed 12800K, reserved 1048576K
}
Event: 83.026 GC heap before
{Heap before GC invocations=71 (full 0):
 garbage-first heap   total 336896K, used 201728K [0x0000000080000000, 0x0000000100000000)
  region size 1024K, 41 young (41984K), 4 survivors (4096K)
 Metaspace       used 101249K, capacity 102610K, committed 102912K, reserved 1138688K
  class space    used 12561K, capacity 13001K, committed 13056K, reserved 1048576K
}
Event: 83.155 GC heap after
{Heap after GC invocations=72 (full 0):
 garbage-first heap   total 336896K, used 189440K [0x0000000080000000, 0x0000000100000000)
  region size 1024K, 6 young (6144K), 6 survivors (6144K)
 Metaspace       used 101249K, capacity 102610K, committed 102912K, reserved 1138688K
  class space    used 12561K, capacity 13001K, committed 13056K, reserved 1048576K
}
Event: 105.656 GC heap before
{Heap before GC invocations=72 (full 0):
 garbage-first heap   total 336896K, used 198656K [0x0000000080000000, 0x0000000100000000)
  region size 1024K, 16 young (16384K), 6 survivors (6144K)
 Metaspace       used 101715K, capacity 103160K, committed 103424K, reserved 1140736K
  class space    used 12588K, capacity 13018K, committed 13056K, reserved 1048576K
}
Event: 105.780 GC heap after
{Heap after GC invocations=73 (full 0):
 garbage-first heap   total 336896K, used 174592K [0x0000000080000000, 0x0000000100000000)
  region size 1024K, 2 young (2048K), 2 survivors (2048K)
 Metaspace       used 101715K, capacity 103160K, committed 103424K, reserved 1140736K
  class space    used 12588K, capacity 13018K, committed 13056K, reserved 1048576K
}
Event: 109.428 GC heap before
{Heap before GC invocations=73 (full 0):
 garbage-first heap   total 336896K, used 221696K [0x0000000080000000, 0x0000000100000000)
  region size 1024K, 48 young (49152K), 2 survivors (2048K)
 Metaspace       used 102147K, capacity 103485K, committed 103680K, reserved 1140736K
  class space    used 12595K, capacity 13032K, committed 13056K, reserved 1048576K
}
Event: 109.484 GC heap after
{Heap after GC invocations=74 (full 0):
 garbage-first heap   total 336896K, used 177570K [0x0000000080000000, 0x0000000100000000)
  region size 1024K, 5 young (5120K), 5 survivors (5120K)
 Metaspace       used 102147K, capacity 103485K, committed 103680K, reserved 1140736K
  class space    used 12595K, capacity 13032K, committed 13056K, reserved 1048576K
}
Event: 114.578 GC heap before
{Heap before GC invocations=75 (full 0):
 garbage-first heap   total 336896K, used 156066K [0x0000000080000000, 0x0000000100000000)
  region size 1024K, 56 young (57344K), 5 survivors (5120K)
 Metaspace       used 102547K, capacity 103981K, committed 104320K, reserved 1140736K
  class space    used 12624K, capacity 13072K, committed 13184K, reserved 1048576K
}
Event: 114.641 GC heap after
{Heap after GC invocations=76 (full 0):
 garbage-first heap   total 336896K, used 112640K [0x0000000080000000, 0x0000000100000000)
  region size 1024K, 7 young (7168K), 7 survivors (7168K)
 Metaspace       used 102547K, capacity 103981K, committed 104320K, reserved 1140736K
  class space    used 12624K, capacity 13072K, committed 13184K, reserved 1048576K
}
Event: 115.114 GC heap before
{Heap before GC invocations=76 (full 0):
 garbage-first heap   total 336896K, used 120832K [0x0000000080000000, 0x0000000100000000)
  region size 1024K, 16 young (16384K), 7 survivors (7168K)
 Metaspace       used 102571K, capacity 103981K, committed 104320K, reserved 1140736K
  class space    used 12624K, capacity 13072K, committed 13184K, reserved 1048576K
}
Event: 115.173 GC heap after
{Heap after GC invocations=77 (full 0):
 garbage-first heap   total 336896K, used 85777K [0x0000000080000000, 0x0000000100000000)
  region size 1024K, 2 young (2048K), 2 survivors (2048K)
 Metaspace       used 102571K, capacity 103981K, committed 104320K, reserved 1140736K
  class space    used 12624K, capacity 13072K, committed 13184K, reserved 1048576K
}
Event: 118.570 GC heap before
{Heap before GC invocations=77 (full 0):
 garbage-first heap   total 336896K, used 166673K [0x0000000080000000, 0x0000000100000000)
  region size 1024K, 81 young (82944K), 2 survivors (2048K)
 Metaspace       used 110404K, capacity 111825K, committed 112000K, reserved 1146880K
  class space    used 13482K, capacity 13936K, committed 13952K, reserved 1048576K
}
Event: 118.641 GC heap after
{Heap after GC invocations=78 (full 0):
 garbage-first heap   total 336896K, used 112128K [0x0000000080000000, 0x0000000100000000)
  region size 1024K, 11 young (11264K), 11 survivors (11264K)
 Metaspace       used 110404K, capacity 111825K, committed 112000K, reserved 1146880K
  class space    used 13482K, capacity 13936K, committed 13952K, reserved 1048576K
}
Event: 121.155 GC heap before
{Heap before GC invocations=78 (full 0):
 garbage-first heap   total 336896K, used 197120K [0x0000000080000000, 0x0000000100000000)
  region size 1024K, 94 young (96256K), 11 survivors (11264K)
 Metaspace       used 114244K, capacity 115747K, committed 115840K, reserved 1150976K
  class space    used 13985K, capacity 14451K, committed 14464K, reserved 1048576K
}
Event: 121.301 GC heap after
{Heap after GC invocations=79 (full 0):
 garbage-first heap   total 336896K, used 157696K [0x0000000080000000, 0x0000000100000000)
  region size 1024K, 12 young (12288K), 12 survivors (12288K)
 Metaspace       used 114244K, capacity 115747K, committed 115840K, reserved 1150976K
  class space    used 13985K, capacity 14451K, committed 14464K, reserved 1048576K
}
Event: 121.932 GC heap before
{Heap before GC invocations=79 (full 0):
 garbage-first heap   total 336896K, used 224256K [0x0000000080000000, 0x0000000100000000)
  region size 1024K, 77 young (78848K), 12 survivors (12288K)
 Metaspace       used 114283K, capacity 115747K, committed 115840K, reserved 1150976K
  class space    used 13985K, capacity 14451K, committed 14464K, reserved 1048576K
}

