# JRE version: Java(TM) SE Runtime Environment (15.0.1+9) (build 15.0.1+9-18)
# Java VM: Java HotSpot(TM) 64-Bit Server VM (15.0.1+9-18, mixed mode, sharing, tiered, compressed oops, g1 gc, windows-amd64)
GC Precious Log:
 CPUs: 2 total, 2 available
 Memory: 7369M
 Large Page Support: Disabled
 NUMA Support: Disabled
 Compressed Oops: Enabled (32-bit)
 Heap Region Size: 1M
 Heap Min Capacity: 8M
 Heap Initial Capacity: 116M
 Heap Max Capacity: 2G
 Pre-touch: Disabled
 Parallel Workers: 2
 Concurrent Workers: 1
 Concurrent Refinement Workers: 2
 Periodic GC: Disabled
Heap:
 garbage-first heap   total 629760K, used 256768K [0x0000000080000000, 0x0000000100000000)
  region size 1024K, 4 young (4096K), 4 survivors (4096K)
 Metaspace       used 139929K, capacity 142122K, committed 142336K, reserved 1173504K
  class space    used 17017K, capacity 17654K, committed 17664K, reserved 1048576K
GC Heap History (20 events):
Event: 250.290 GC heap after
{Heap after GC invocations=85 (full 0):
 garbage-first heap   total 372736K, used 238592K [0x0000000080000000, 0x0000000100000000)
  region size 1024K, 9 young (9216K), 9 survivors (9216K)
 Metaspace       used 137575K, capacity 139740K, committed 140032K, reserved 1171456K
  class space    used 16732K, capacity 17331K, committed 17408K, reserved 1048576K
}
Event: 251.731 GC heap before
{Heap before GC invocations=86 (full 0):
 garbage-first heap   total 413696K, used 256000K [0x0000000080000000, 0x0000000100000000)
  region size 1024K, 27 young (27648K), 9 survivors (9216K)
 Metaspace       used 137578K, capacity 139740K, committed 140032K, reserved 1171456K
  class space    used 16732K, capacity 17331K, committed 17408K, reserved 1048576K
}
Event: 251.845 GC heap after
{Heap after GC invocations=87 (full 0):
 garbage-first heap   total 481280K, used 243200K [0x0000000080000000, 0x0000000100000000)
  region size 1024K, 4 young (4096K), 4 survivors (4096K)
 Metaspace       used 137578K, capacity 139740K, committed 140032K, reserved 1171456K
  class space    used 16732K, capacity 17331K, committed 17408K, reserved 1048576K
}
Event: 254.820 GC heap before
{Heap before GC invocations=88 (full 0):
 garbage-first heap   total 481280K, used 314880K [0x0000000080000000, 0x0000000100000000)
  region size 1024K, 72 young (73728K), 4 survivors (4096K)
 Metaspace       used 137578K, capacity 139740K, committed 140032K, reserved 1171456K
  class space    used 16732K, capacity 17331K, committed 17408K, reserved 1048576K
}
Event: 254.912 GC heap after
{Heap after GC invocations=89 (full 0):
 garbage-first heap   total 481280K, used 257024K [0x0000000080000000, 0x0000000100000000)
  region size 1024K, 9 young (9216K), 9 survivors (9216K)
 Metaspace       used 137578K, capacity 139740K, committed 140032K, reserved 1171456K
  class space    used 16732K, capacity 17331K, committed 17408K, reserved 1048576K
}
Event: 255.167 GC heap before
{Heap before GC invocations=89 (full 0):
 garbage-first heap   total 481280K, used 270336K [0x0000000080000000, 0x0000000100000000)
  region size 1024K, 23 young (23552K), 9 survivors (9216K)
 Metaspace       used 137578K, capacity 139740K, committed 140032K, reserved 1171456K
  class space    used 16732K, capacity 17331K, committed 17408K, reserved 1048576K
}
Event: 255.285 GC heap after
{Heap after GC invocations=90 (full 0):
 garbage-first heap   total 481280K, used 243422K [0x0000000080000000, 0x0000000100000000)
  region size 1024K, 3 young (3072K), 3 survivors (3072K)
 Metaspace       used 137578K, capacity 139740K, committed 140032K, reserved 1171456K
  class space    used 16732K, capacity 17331K, committed 17408K, reserved 1048576K
}
Event: 263.855 GC heap before
{Heap before GC invocations=90 (full 0):
 garbage-first heap   total 481280K, used 335582K [0x0000000080000000, 0x0000000100000000)
  region size 1024K, 93 young (95232K), 3 survivors (3072K)
 Metaspace       used 138923K, capacity 141188K, committed 141440K, reserved 1173504K
  class space    used 16876K, capacity 17493K, committed 17536K, reserved 1048576K
}
Event: 263.948 GC heap after
{Heap after GC invocations=91 (full 0):
 garbage-first heap   total 481280K, used 253952K [0x0000000080000000, 0x0000000100000000)
  region size 1024K, 12 young (12288K), 12 survivors (12288K)
 Metaspace       used 138923K, capacity 141188K, committed 141440K, reserved 1173504K
  class space    used 16876K, capacity 17493K, committed 17536K, reserved 1048576K
}
Event: 265.366 GC heap before
{Heap before GC invocations=91 (full 0):
 garbage-first heap   total 481280K, used 273408K [0x0000000080000000, 0x0000000100000000)
  region size 1024K, 32 young (32768K), 12 survivors (12288K)
 Metaspace       used 139186K, capacity 141418K, committed 141440K, reserved 1173504K
  class space    used 16914K, capacity 17526K, committed 17536K, reserved 1048576K
}
Event: 265.431 GC heap after
{Heap after GC invocations=92 (full 0):
 garbage-first heap   total 481280K, used 256746K [0x0000000080000000, 0x0000000100000000)
  region size 1024K, 2 young (2048K), 2 survivors (2048K)
 Metaspace       used 139186K, capacity 141418K, committed 141440K, reserved 1173504K
  class space    used 16914K, capacity 17526K, committed 17536K, reserved 1048576K
}
Event: 267.212 GC heap before
{Heap before GC invocations=93 (full 0):
 garbage-first heap   total 481280K, used 276202K [0x0000000080000000, 0x0000000100000000)
  region size 1024K, 9 young (9216K), 2 survivors (2048K)
 Metaspace       used 139275K, capacity 141482K, committed 141696K, reserved 1173504K
  class space    used 16922K, capacity 17526K, committed 17536K, reserved 1048576K
}
Event: 267.228 GC heap after
{Heap after GC invocations=94 (full 0):
 garbage-first heap   total 481280K, used 273379K [0x0000000080000000, 0x0000000100000000)
  region size 1024K, 6 young (6144K), 6 survivors (6144K)
 Metaspace       used 139275K, capacity 141482K, committed 141696K, reserved 1173504K
  class space    used 16922K, capacity 17526K, committed 17536K, reserved 1048576K
}
Event: 269.820 GC heap before
{Heap before GC invocations=95 (full 0):
 garbage-first heap   total 481280K, used 282595K [0x0000000080000000, 0x0000000100000000)
  region size 1024K, 84 young (86016K), 6 survivors (6144K)
 Metaspace       used 139911K, capacity 142122K, committed 142336K, reserved 1173504K
  class space    used 17017K, capacity 17654K, committed 17664K, reserved 1048576K
}
Event: 270.005 GC heap after
{Heap after GC invocations=96 (full 0):
 garbage-first heap   total 481280K, used 221435K [0x0000000080000000, 0x0000000100000000)
  region size 1024K, 11 young (11264K), 11 survivors (11264K)
 Metaspace       used 139911K, capacity 142122K, committed 142336K, reserved 1173504K
  class space    used 17017K, capacity 17654K, committed 17664K, reserved 1048576K
}
Event: 270.440 GC heap before
{Heap before GC invocations=96 (full 0):
 garbage-first heap   total 481280K, used 233723K [0x0000000080000000, 0x0000000100000000)
  region size 1024K, 23 young (23552K), 11 survivors (11264K)
 Metaspace       used 139917K, capacity 142122K, committed 142336K, reserved 1173504K
  class space    used 17017K, capacity 17654K, committed 17664K, reserved 1048576K
}
Event: 270.586 GC heap after
{Heap after GC invocations=97 (full 0):
 garbage-first heap   total 481280K, used 188416K [0x0000000080000000, 0x0000000100000000)
  region size 1024K, 3 young (3072K), 3 survivors (3072K)
 Metaspace       used 139917K, capacity 142122K, committed 142336K, reserved 1173504K
  class space    used 17017K, capacity 17654K, committed 17664K, reserved 1048576K
}
Event: 272.305 GC heap before
{Heap before GC invocations=97 (full 0):
 garbage-first heap   total 481280K, used 272384K [0x0000000080000000, 0x0000000100000000)
  region size 1024K, 86 young (88064K), 3 survivors (3072K)
 Metaspace       used 139925K, capacity 142122K, committed 142336K, reserved 1173504K
  class space    used 17017K, capacity 17654K, committed 17664K, reserved 1048576K
}
Event: 272.573 GC heap after
{Heap after GC invocations=98 (full 0):
 garbage-first heap   total 481280K, used 242688K [0x0000000080000000, 0x0000000100000000)
  region size 1024K, 11 young (11264K), 11 survivors (11264K)
 Metaspace       used 139925K, capacity 142122K, committed 142336K, reserved 1173504K
  class space    used 17017K, capacity 17654K, committed 17664K, reserved 1048576K
}
Event: 272.968 GC heap before
{Heap before GC invocations=98 (full 0):
 garbage-first heap   total 481280K, used 265216K [0x0000000080000000, 0x0000000100000000)
  region size 1024K, 31 young (31744K), 11 survivors (11264K)
 Metaspace       used 139929K, capacity 142122K, committed 142336K, reserved 1173504K
  class space    used 17017K, capacity 17654K, committed 17664K, reserved 1048576K
}

