# JRE version: Java(TM) SE Runtime Environment (15.0.1+9) (build 15.0.1+9-18)
# Java VM: Java HotSpot(TM) 64-Bit Server VM (15.0.1+9-18, mixed mode, sharing, tiered, compressed oops, g1 gc, windows-amd64)
GC Precious Log:
 CPUs: 2 total, 2 available
 Memory: 7369M
 Large Page Support: Disabled
 NUMA Support: Disabled
 Compressed Oops: Enabled (32-bit)
 Heap Region Size: 1M
 Heap Min Capacity: 8M
 Heap Initial Capacity: 116M
 Heap Max Capacity: 2G
 Pre-touch: Disabled
 Parallel Workers: 2
 Concurrent Workers: 1
 Concurrent Refinement Workers: 2
 Periodic GC: Disabled
Heap:
 garbage-first heap   total 606208K, used 262144K [0x0000000080000000, 0x0000000100000000)
  region size 1024K, 18 young (18432K), 18 survivors (18432K)
 Metaspace       used 87681K, capacity 89029K, committed 89216K, reserved 1126400K
  class space    used 11254K, capacity 11635K, committed 11648K, reserved 1048576K
GC Heap History (20 events):
Event: 81.090 GC heap after
{Heap after GC invocations=58 (full 0):
 garbage-first heap   total 222208K, used 141269K [0x0000000080000000, 0x0000000100000000)
  region size 1024K, 7 young (7168K), 7 survivors (7168K)
 Metaspace       used 85834K, capacity 87167K, committed 87296K, reserved 1124352K
  class space    used 11067K, capacity 11468K, committed 11520K, reserved 1048576K
}
Event: 81.130 GC heap before
{Heap before GC invocations=58 (full 0):
 garbage-first heap   total 222208K, used 144341K [0x0000000080000000, 0x0000000100000000)
  region size 1024K, 10 young (10240K), 7 survivors (7168K)
 Metaspace       used 85834K, capacity 87167K, committed 87296K, reserved 1124352K
  class space    used 11067K, capacity 11468K, committed 11520K, reserved 1048576K
}
Event: 81.237 GC heap after
{Heap after GC invocations=59 (full 0):
 garbage-first heap   total 222208K, used 131072K [0x0000000080000000, 0x0000000100000000)
  region size 1024K, 1 young (1024K), 1 survivors (1024K)
 Metaspace       used 85834K, capacity 87167K, committed 87296K, reserved 1124352K
  class space    used 11067K, capacity 11468K, committed 11520K, reserved 1048576K
}
Event: 81.961 GC heap before
{Heap before GC invocations=59 (full 0):
 garbage-first heap   total 222208K, used 174080K [0x0000000080000000, 0x0000000100000000)
  region size 1024K, 43 young (44032K), 1 survivors (1024K)
 Metaspace       used 85834K, capacity 87167K, committed 87296K, reserved 1124352K
  class space    used 11067K, capacity 11468K, committed 11520K, reserved 1048576K
}
Event: 82.021 GC heap after
{Heap after GC invocations=60 (full 0):
 garbage-first heap   total 280576K, used 142336K [0x0000000080000000, 0x0000000100000000)
  region size 1024K, 6 young (6144K), 6 survivors (6144K)
 Metaspace       used 85834K, capacity 87167K, committed 87296K, reserved 1124352K
  class space    used 11067K, capacity 11468K, committed 11520K, reserved 1048576K
}
Event: 84.246 GC heap before
{Heap before GC invocations=61 (full 0):
 garbage-first heap   total 280576K, used 212992K [0x0000000080000000, 0x0000000100000000)
  region size 1024K, 73 young (74752K), 6 survivors (6144K)
 Metaspace       used 85835K, capacity 87167K, committed 87296K, reserved 1124352K
  class space    used 11067K, capacity 11468K, committed 11520K, reserved 1048576K
}
Event: 84.428 GC heap after
{Heap after GC invocations=62 (full 0):
 garbage-first heap   total 280576K, used 163328K [0x0000000080000000, 0x0000000100000000)
  region size 1024K, 10 young (10240K), 10 survivors (10240K)
 Metaspace       used 85835K, capacity 87167K, committed 87296K, reserved 1124352K
  class space    used 11067K, capacity 11468K, committed 11520K, reserved 1048576K
}
Event: 86.900 GC heap before
{Heap before GC invocations=62 (full 0):
 garbage-first heap   total 280576K, used 217600K [0x0000000080000000, 0x0000000100000000)
  region size 1024K, 63 young (64512K), 10 survivors (10240K)
 Metaspace       used 85883K, capacity 87231K, committed 87296K, reserved 1124352K
  class space    used 11070K, capacity 11468K, committed 11520K, reserved 1048576K
}
Event: 87.061 GC heap after
{Heap after GC invocations=63 (full 0):
 garbage-first heap   total 280576K, used 179712K [0x0000000080000000, 0x0000000100000000)
  region size 1024K, 8 young (8192K), 8 survivors (8192K)
 Metaspace       used 85883K, capacity 87231K, committed 87296K, reserved 1124352K
  class space    used 11070K, capacity 11468K, committed 11520K, reserved 1048576K
}
Event: 88.144 GC heap before
{Heap before GC invocations=64 (full 0):
 garbage-first heap   total 316416K, used 201216K [0x0000000080000000, 0x0000000100000000)
  region size 1024K, 30 young (30720K), 8 survivors (8192K)
 Metaspace       used 85885K, capacity 87231K, committed 87296K, reserved 1124352K
  class space    used 11070K, capacity 11468K, committed 11520K, reserved 1048576K
}
Event: 88.227 GC heap after
{Heap after GC invocations=65 (full 0):
 garbage-first heap   total 316416K, used 184832K [0x0000000080000000, 0x0000000100000000)
  region size 1024K, 5 young (5120K), 5 survivors (5120K)
 Metaspace       used 85885K, capacity 87231K, committed 87296K, reserved 1124352K
  class space    used 11070K, capacity 11468K, committed 11520K, reserved 1048576K
}
Event: 89.852 GC heap before
{Heap before GC invocations=66 (full 0):
 garbage-first heap   total 319488K, used 241152K [0x0000000080000000, 0x0000000100000000)
  region size 1024K, 60 young (61440K), 5 survivors (5120K)
 Metaspace       used 85889K, capacity 87231K, committed 87296K, reserved 1124352K
  class space    used 11070K, capacity 11468K, committed 11520K, reserved 1048576K
}
Event: 89.936 GC heap after
{Heap after GC invocations=67 (full 0):
 garbage-first heap   total 543744K, used 195072K [0x0000000080000000, 0x0000000100000000)
  region size 1024K, 8 young (8192K), 8 survivors (8192K)
 Metaspace       used 85889K, capacity 87231K, committed 87296K, reserved 1124352K
  class space    used 11070K, capacity 11468K, committed 11520K, reserved 1048576K
}
Event: 91.889 GC heap before
{Heap before GC invocations=68 (full 0):
 garbage-first heap   total 543744K, used 263680K [0x0000000080000000, 0x0000000100000000)
  region size 1024K, 74 young (75776K), 8 survivors (8192K)
 Metaspace       used 85930K, capacity 87243K, committed 87296K, reserved 1124352K
  class space    used 11074K, capacity 11470K, committed 11520K, reserved 1048576K
}
Event: 91.992 GC heap after
{Heap after GC invocations=69 (full 0):
 garbage-first heap   total 543744K, used 206848K [0x0000000080000000, 0x0000000100000000)
  region size 1024K, 10 young (10240K), 10 survivors (10240K)
 Metaspace       used 85930K, capacity 87243K, committed 87296K, reserved 1124352K
  class space    used 11074K, capacity 11470K, committed 11520K, reserved 1048576K
}
Event: 94.915 GC heap before
{Heap before GC invocations=69 (full 0):
 garbage-first heap   total 543744K, used 287744K [0x0000000080000000, 0x0000000100000000)
  region size 1024K, 89 young (91136K), 10 survivors (10240K)
 Metaspace       used 87192K, capacity 88595K, committed 88704K, reserved 1126400K
  class space    used 11210K, capacity 11600K, committed 11648K, reserved 1048576K
}
Event: 95.028 GC heap after
{Heap after GC invocations=70 (full 0):
 garbage-first heap   total 543744K, used 216576K [0x0000000080000000, 0x0000000100000000)
  region size 1024K, 9 young (9216K), 9 survivors (9216K)
 Metaspace       used 87192K, capacity 88595K, committed 88704K, reserved 1126400K
  class space    used 11210K, capacity 11600K, committed 11648K, reserved 1048576K
}
Event: 97.398 GC heap before
{Heap before GC invocations=70 (full 0):
 garbage-first heap   total 543744K, used 294400K [0x0000000080000000, 0x0000000100000000)
  region size 1024K, 51 young (52224K), 9 survivors (9216K)
 Metaspace       used 87572K, capacity 88889K, committed 88960K, reserved 1126400K
  class space    used 11247K, capacity 11633K, committed 11648K, reserved 1048576K
}
Event: 97.479 GC heap after
{Heap after GC invocations=71 (full 0):
 garbage-first heap   total 543744K, used 249344K [0x0000000080000000, 0x0000000100000000)
  region size 1024K, 8 young (8192K), 8 survivors (8192K)
 Metaspace       used 87572K, capacity 88889K, committed 88960K, reserved 1126400K
  class space    used 11247K, capacity 11633K, committed 11648K, reserved 1048576K
}
Event: 99.329 GC heap before
{Heap before GC invocations=72 (full 0):
 garbage-first heap   total 543744K, used 282112K [0x0000000080000000, 0x0000000100000000)
  region size 1024K, 33 young (33792K), 8 survivors (8192K)
 Metaspace       used 87681K, capacity 89029K, committed 89216K, reserved 1126400K
  class space    used 11254K, capacity 11635K, committed 11648K, reserved 1048576K
}

