# JRE version: Java(TM) SE Runtime Environment (15.0.1+9) (build 15.0.1+9-18)
# Java VM: Java HotSpot(TM) 64-Bit Server VM (15.0.1+9-18, mixed mode, sharing, tiered, compressed oops, g1 gc, windows-amd64)
GC Precious Log:
 CPUs: 2 total, 2 available
 Memory: 7369M
 Large Page Support: Disabled
 NUMA Support: Disabled
 Compressed Oops: Enabled (32-bit)
 Heap Region Size: 1M
 Heap Min Capacity: 8M
 Heap Initial Capacity: 116M
 Heap Max Capacity: 2G
 Pre-touch: Disabled
 Parallel Workers: 2
 Concurrent Workers: 1
 Concurrent Refinement Workers: 2
 Periodic GC: Disabled
Heap:
 garbage-first heap   total 765952K, used 270848K [0x0000000080000000, 0x0000000100000000)
  region size 1024K, 5 young (5120K), 5 survivors (5120K)
 Metaspace       used 121080K, capacity 122653K, committed 123008K, reserved 1157120K
  class space    used 14915K, capacity 15362K, committed 15488K, reserved 1048576K
GC Heap History (20 events):
Event: 113.132 GC heap after
{Heap after GC invocations=84 (full 0):
 garbage-first heap   total 434176K, used 190464K [0x0000000080000000, 0x0000000100000000)
  region size 1024K, 16 young (16384K), 16 survivors (16384K)
 Metaspace       used 118673K, capacity 120233K, committed 120320K, reserved 1155072K
  class space    used 14637K, capacity 15070K, committed 15104K, reserved 1048576K
}
Event: 113.295 GC heap before
{Heap before GC invocations=84 (full 0):
 garbage-first heap   total 434176K, used 197632K [0x0000000080000000, 0x0000000100000000)
  region size 1024K, 24 young (24576K), 16 survivors (16384K)
 Metaspace       used 118681K, capacity 120233K, committed 120320K, reserved 1155072K
  class space    used 14637K, capacity 15070K, committed 15104K, reserved 1048576K
}
Event: 113.480 GC heap after
{Heap after GC invocations=85 (full 0):
 garbage-first heap   total 434176K, used 193024K [0x0000000080000000, 0x0000000100000000)
  region size 1024K, 2 young (2048K), 2 survivors (2048K)
 Metaspace       used 118681K, capacity 120233K, committed 120320K, reserved 1155072K
  class space    used 14637K, capacity 15070K, committed 15104K, reserved 1048576K
}
Event: 115.454 GC heap before
{Heap before GC invocations=86 (full 0):
 garbage-first heap   total 434176K, used 236032K [0x0000000080000000, 0x0000000100000000)
  region size 1024K, 44 young (45056K), 2 survivors (2048K)
 Metaspace       used 118683K, capacity 120233K, committed 120320K, reserved 1155072K
  class space    used 14637K, capacity 15070K, committed 15104K, reserved 1048576K
}
Event: 115.517 GC heap after
{Heap after GC invocations=87 (full 0):
 garbage-first heap   total 434176K, used 202240K [0x0000000080000000, 0x0000000100000000)
  region size 1024K, 6 young (6144K), 6 survivors (6144K)
 Metaspace       used 118683K, capacity 120233K, committed 120320K, reserved 1155072K
  class space    used 14637K, capacity 15070K, committed 15104K, reserved 1048576K
}
Event: 116.676 GC heap before
{Heap before GC invocations=87 (full 0):
 garbage-first heap   total 434176K, used 254464K [0x0000000080000000, 0x0000000100000000)
  region size 1024K, 56 young (57344K), 6 survivors (6144K)
 Metaspace       used 118684K, capacity 120233K, committed 120320K, reserved 1155072K
  class space    used 14637K, capacity 15070K, committed 15104K, reserved 1048576K
}
Event: 116.778 GC heap after
{Heap after GC invocations=88 (full 0):
 garbage-first heap   total 434176K, used 211968K [0x0000000080000000, 0x0000000100000000)
  region size 1024K, 7 young (7168K), 7 survivors (7168K)
 Metaspace       used 118684K, capacity 120233K, committed 120320K, reserved 1155072K
  class space    used 14637K, capacity 15070K, committed 15104K, reserved 1048576K
}
Event: 117.814 GC heap before
{Heap before GC invocations=88 (full 0):
 garbage-first heap   total 434176K, used 263168K [0x0000000080000000, 0x0000000100000000)
  region size 1024K, 57 young (58368K), 7 survivors (7168K)
 Metaspace       used 118684K, capacity 120233K, committed 120320K, reserved 1155072K
  class space    used 14637K, capacity 15070K, committed 15104K, reserved 1048576K
}
Event: 117.912 GC heap after
{Heap after GC invocations=89 (full 0):
 garbage-first heap   total 536576K, used 221184K [0x0000000080000000, 0x0000000100000000)
  region size 1024K, 8 young (8192K), 8 survivors (8192K)
 Metaspace       used 118684K, capacity 120233K, committed 120320K, reserved 1155072K
  class space    used 14637K, capacity 15070K, committed 15104K, reserved 1048576K
}
Event: 120.855 GC heap before
{Heap before GC invocations=89 (full 0):
 garbage-first heap   total 536576K, used 284672K [0x0000000080000000, 0x0000000100000000)
  region size 1024K, 70 young (71680K), 8 survivors (8192K)
 Metaspace       used 120042K, capacity 121591K, committed 121728K, reserved 1155072K
  class space    used 14784K, capacity 15201K, committed 15232K, reserved 1048576K
}
Event: 120.939 GC heap after
{Heap after GC invocations=90 (full 0):
 garbage-first heap   total 536576K, used 227840K [0x0000000080000000, 0x0000000100000000)
  region size 1024K, 7 young (7168K), 7 survivors (7168K)
 Metaspace       used 120042K, capacity 121591K, committed 121728K, reserved 1155072K
  class space    used 14784K, capacity 15201K, committed 15232K, reserved 1048576K
}
Event: 123.880 GC heap before
{Heap before GC invocations=90 (full 0):
 garbage-first heap   total 536576K, used 373248K [0x0000000080000000, 0x0000000100000000)
  region size 1024K, 102 young (104448K), 7 survivors (7168K)
 Metaspace       used 120444K, capacity 121949K, committed 122112K, reserved 1157120K
  class space    used 14825K, capacity 15234K, committed 15360K, reserved 1048576K
}
Event: 124.071 GC heap after
{Heap after GC invocations=91 (full 0):
 garbage-first heap   total 536576K, used 290304K [0x0000000080000000, 0x0000000100000000)
  region size 1024K, 13 young (13312K), 13 survivors (13312K)
 Metaspace       used 120444K, capacity 121949K, committed 122112K, reserved 1157120K
  class space    used 14825K, capacity 15234K, committed 15360K, reserved 1048576K
}
Event: 124.511 GC heap before
{Heap before GC invocations=91 (full 0):
 garbage-first heap   total 536576K, used 314880K [0x0000000080000000, 0x0000000100000000)
  region size 1024K, 36 young (36864K), 13 survivors (13312K)
 Metaspace       used 120891K, capacity 122461K, committed 122752K, reserved 1157120K
  class space    used 14914K, capacity 15362K, committed 15488K, reserved 1048576K
}
Event: 124.647 GC heap after
{Heap after GC invocations=92 (full 0):
 garbage-first heap   total 536576K, used 299520K [0x0000000080000000, 0x0000000100000000)
  region size 1024K, 5 young (5120K), 5 survivors (5120K)
 Metaspace       used 120891K, capacity 122461K, committed 122752K, reserved 1157120K
  class space    used 14914K, capacity 15362K, committed 15488K, reserved 1048576K
}
Event: 127.761 GC heap before
{Heap before GC invocations=93 (full 0):
 garbage-first heap   total 536576K, used 361984K [0x0000000080000000, 0x0000000100000000)
  region size 1024K, 69 young (70656K), 5 survivors (5120K)
 Metaspace       used 121049K, capacity 122653K, committed 123008K, reserved 1157120K
  class space    used 14914K, capacity 15362K, committed 15488K, reserved 1048576K
}
Event: 127.922 GC heap after
{Heap after GC invocations=94 (full 0):
 garbage-first heap   total 536576K, used 334848K [0x0000000080000000, 0x0000000100000000)
  region size 1024K, 9 young (9216K), 9 survivors (9216K)
 Metaspace       used 121049K, capacity 122653K, committed 123008K, reserved 1157120K
  class space    used 14914K, capacity 15362K, committed 15488K, reserved 1048576K
}
Event: 128.339 GC heap before
{Heap before GC invocations=94 (full 0):
 garbage-first heap   total 536576K, used 379904K [0x0000000080000000, 0x0000000100000000)
  region size 1024K, 55 young (56320K), 9 survivors (9216K)
 Metaspace       used 121065K, capacity 122653K, committed 123008K, reserved 1157120K
  class space    used 14915K, capacity 15362K, committed 15488K, reserved 1048576K
}
Event: 128.630 GC heap after
{Heap after GC invocations=95 (full 0):
 garbage-first heap   total 536576K, used 363520K [0x0000000080000000, 0x0000000100000000)
  region size 1024K, 8 young (8192K), 8 survivors (8192K)
 Metaspace       used 121065K, capacity 122653K, committed 123008K, reserved 1157120K
  class space    used 14915K, capacity 15362K, committed 15488K, reserved 1048576K
}
Event: 130.205 GC heap before
{Heap before GC invocations=96 (full 0):
 garbage-first heap   total 536576K, used 282624K [0x0000000080000000, 0x0000000100000000)
  region size 1024K, 35 young (35840K), 8 survivors (8192K)
 Metaspace       used 121080K, capacity 122653K, committed 123008K, reserved 1157120K
  class space    used 14915K, capacity 15362K, committed 15488K, reserved 1048576K
}

