# JRE version: Java(TM) SE Runtime Environment (15.0.1+9) (build 15.0.1+9-18)
# Java VM: Java HotSpot(TM) 64-Bit Server VM (15.0.1+9-18, mixed mode, sharing, tiered, compressed oops, g1 gc, windows-amd64)
GC Precious Log:
 CPUs: 2 total, 2 available
 Memory: 7369M
 Large Page Support: Disabled
 NUMA Support: Disabled
 Compressed Oops: Enabled (32-bit)
 Heap Region Size: 1M
 Heap Min Capacity: 8M
 Heap Initial Capacity: 116M
 Heap Max Capacity: 2G
 Pre-touch: Disabled
 Parallel Workers: 2
 Concurrent Workers: 1
 Concurrent Refinement Workers: 2
 Periodic GC: Disabled
Heap:
 garbage-first heap   total 519168K, used 329728K [0x0000000080000000, 0x0000000100000000)
  region size 1024K, 43 young (44032K), 8 survivors (8192K)
 Metaspace       used 122294K, capacity 123703K, committed 123856K, reserved 1157120K
  class space    used 15084K, capacity 15526K, committed 15616K, reserved 1048576K
GC Heap History (20 events):
Event: 2996.971 GC heap before
{Heap before GC invocations=92 (full 0):
 garbage-first heap   total 349184K, used 231424K [0x0000000080000000, 0x0000000100000000)
  region size 1024K, 81 young (82944K), 11 survivors (11264K)
 Metaspace       used 118830K, capacity 120206K, committed 120528K, reserved 1155072K
  class space    used 14616K, capacity 15006K, committed 15104K, reserved 1048576K
}
Event: 2997.140 GC heap after
{Heap after GC invocations=93 (full 0):
 garbage-first heap   total 349184K, used 178176K [0x0000000080000000, 0x0000000100000000)
  region size 1024K, 11 young (11264K), 11 survivors (11264K)
 Metaspace       used 118830K, capacity 120206K, committed 120528K, reserved 1155072K
  class space    used 14616K, capacity 15006K, committed 15104K, reserved 1048576K
}
Event: 2998.225 GC heap before
{Heap before GC invocations=93 (full 0):
 garbage-first heap   total 349184K, used 218112K [0x0000000080000000, 0x0000000100000000)
  region size 1024K, 50 young (51200K), 11 survivors (11264K)
 Metaspace       used 118833K, capacity 120206K, committed 120528K, reserved 1155072K
  class space    used 14616K, capacity 15006K, committed 15104K, reserved 1048576K
}
Event: 2998.466 GC heap after
{Heap after GC invocations=94 (full 0):
 garbage-first heap   total 349184K, used 190464K [0x0000000080000000, 0x0000000100000000)
  region size 1024K, 7 young (7168K), 7 survivors (7168K)
 Metaspace       used 118833K, capacity 120206K, committed 120528K, reserved 1155072K
  class space    used 14616K, capacity 15006K, committed 15104K, reserved 1048576K
}
Event: 3001.443 GC heap before
{Heap before GC invocations=95 (full 0):
 garbage-first heap   total 349184K, used 216064K [0x0000000080000000, 0x0000000100000000)
  region size 1024K, 34 young (34816K), 7 survivors (7168K)
 Metaspace       used 118992K, capacity 120366K, committed 120528K, reserved 1155072K
  class space    used 14643K, capacity 15038K, committed 15104K, reserved 1048576K
}
Event: 3001.550 GC heap after
{Heap after GC invocations=96 (full 0):
 garbage-first heap   total 349184K, used 196608K [0x0000000080000000, 0x0000000100000000)
  region size 1024K, 7 young (7168K), 7 survivors (7168K)
 Metaspace       used 118992K, capacity 120366K, committed 120528K, reserved 1155072K
  class space    used 14643K, capacity 15038K, committed 15104K, reserved 1048576K
}
Event: 3003.530 GC heap before
{Heap before GC invocations=97 (full 0):
 garbage-first heap   total 349184K, used 217088K [0x0000000080000000, 0x0000000100000000)
  region size 1024K, 27 young (27648K), 7 survivors (7168K)
 Metaspace       used 118992K, capacity 120366K, committed 120528K, reserved 1155072K
  class space    used 14643K, capacity 15038K, committed 15104K, reserved 1048576K
}
Event: 3003.612 GC heap after
{Heap after GC invocations=98 (full 0):
 garbage-first heap   total 513024K, used 201216K [0x0000000080000000, 0x0000000100000000)
  region size 1024K, 4 young (4096K), 4 survivors (4096K)
 Metaspace       used 118992K, capacity 120366K, committed 120528K, reserved 1155072K
  class space    used 14643K, capacity 15038K, committed 15104K, reserved 1048576K
}
Event: 3007.659 GC heap before
{Heap before GC invocations=99 (full 0):
 garbage-first heap   total 513024K, used 236032K [0x0000000080000000, 0x0000000100000000)
  region size 1024K, 39 young (39936K), 4 survivors (4096K)
 Metaspace       used 119087K, capacity 120454K, committed 120528K, reserved 1155072K
  class space    used 14655K, capacity 15042K, committed 15104K, reserved 1048576K
}
Event: 3007.780 GC heap after
{Heap after GC invocations=100 (full 0):
 garbage-first heap   total 513024K, used 208384K [0x0000000080000000, 0x0000000100000000)
  region size 1024K, 10 young (10240K), 10 survivors (10240K)
 Metaspace       used 119087K, capacity 120454K, committed 120528K, reserved 1155072K
  class space    used 14655K, capacity 15042K, committed 15104K, reserved 1048576K
}
Event: 3010.392 GC heap before
{Heap before GC invocations=101 (full 0):
 garbage-first heap   total 513024K, used 256512K [0x0000000080000000, 0x0000000100000000)
  region size 1024K, 56 young (57344K), 10 survivors (10240K)
 Metaspace       used 119090K, capacity 120454K, committed 120528K, reserved 1155072K
  class space    used 14655K, capacity 15042K, committed 15104K, reserved 1048576K
}
Event: 3010.581 GC heap after
{Heap after GC invocations=102 (full 0):
 garbage-first heap   total 513024K, used 216558K [0x0000000080000000, 0x0000000100000000)
  region size 1024K, 7 young (7168K), 7 survivors (7168K)
 Metaspace       used 119090K, capacity 120454K, committed 120528K, reserved 1155072K
  class space    used 14655K, capacity 15042K, committed 15104K, reserved 1048576K
}
Event: 3012.474 GC heap before
{Heap before GC invocations=102 (full 0):
 garbage-first heap   total 513024K, used 267758K [0x0000000080000000, 0x0000000100000000)
  region size 1024K, 57 young (58368K), 7 survivors (7168K)
 Metaspace       used 119092K, capacity 120454K, committed 120528K, reserved 1155072K
  class space    used 14655K, capacity 15042K, committed 15104K, reserved 1048576K
}
Event: 3012.593 GC heap after
{Heap after GC invocations=103 (full 0):
 garbage-first heap   total 513024K, used 225280K [0x0000000080000000, 0x0000000100000000)
  region size 1024K, 8 young (8192K), 8 survivors (8192K)
 Metaspace       used 119092K, capacity 120454K, committed 120528K, reserved 1155072K
  class space    used 14655K, capacity 15042K, committed 15104K, reserved 1048576K
}
Event: 3028.045 GC heap before
{Heap before GC invocations=104 (full 0):
 garbage-first heap   total 513024K, used 284672K [0x0000000080000000, 0x0000000100000000)
  region size 1024K, 68 young (69632K), 8 survivors (8192K)
 Metaspace       used 121126K, capacity 122580K, committed 122832K, reserved 1157120K
  class space    used 14886K, capacity 15301K, committed 15360K, reserved 1048576K
}
Event: 3028.150 GC heap after
{Heap after GC invocations=105 (full 0):
 garbage-first heap   total 513024K, used 229376K [0x0000000080000000, 0x0000000100000000)
  region size 1024K, 5 young (5120K), 5 survivors (5120K)
 Metaspace       used 121126K, capacity 122580K, committed 122832K, reserved 1157120K
  class space    used 14886K, capacity 15301K, committed 15360K, reserved 1048576K
}
Event: 3031.211 GC heap before
{Heap before GC invocations=106 (full 0):
 garbage-first heap   total 513024K, used 307200K [0x0000000080000000, 0x0000000100000000)
  region size 1024K, 38 young (38912K), 5 survivors (5120K)
 Metaspace       used 121338K, capacity 122804K, committed 122832K, reserved 1157120K
  class space    used 14901K, capacity 15333K, committed 15360K, reserved 1048576K
}
Event: 3031.336 GC heap after
{Heap after GC invocations=107 (full 0):
 garbage-first heap   total 513024K, used 274432K [0x0000000080000000, 0x0000000100000000)
  region size 1024K, 19 young (19456K), 19 survivors (19456K)
 Metaspace       used 121338K, capacity 122804K, committed 122832K, reserved 1157120K
  class space    used 14901K, capacity 15333K, committed 15360K, reserved 1048576K
}
Event: 3033.284 GC heap before
{Heap before GC invocations=108 (full 0):
 garbage-first heap   total 519168K, used 320512K [0x0000000080000000, 0x0000000100000000)
  region size 1024K, 61 young (62464K), 19 survivors (19456K)
 Metaspace       used 121896K, capacity 123348K, committed 123600K, reserved 1157120K
  class space    used 15066K, capacity 15493K, committed 15616K, reserved 1048576K
}
Event: 3033.527 GC heap after
{Heap after GC invocations=109 (full 0):
 garbage-first heap   total 519168K, used 294912K [0x0000000080000000, 0x0000000100000000)
  region size 1024K, 8 young (8192K), 8 survivors (8192K)
 Metaspace       used 121896K, capacity 123348K, committed 123600K, reserved 1157120K
  class space    used 15066K, capacity 15493K, committed 15616K, reserved 1048576K
}

