# JRE version: Java(TM) SE Runtime Environment (15.0.1+9) (build 15.0.1+9-18)
# Java VM: Java HotSpot(TM) 64-Bit Server VM (15.0.1+9-18, mixed mode, sharing, tiered, compressed oops, g1 gc, windows-amd64)
GC Precious Log:
 CPUs: 2 total, 2 available
 Memory: 7369M
 Large Page Support: Disabled
 NUMA Support: Disabled
 Compressed Oops: Enabled (32-bit)
 Heap Region Size: 1M
 Heap Min Capacity: 8M
 Heap Initial Capacity: 116M
 Heap Max Capacity: 2G
 Pre-touch: Disabled
 Parallel Workers: 2
 Concurrent Workers: 1
 Concurrent Refinement Workers: 2
 Periodic GC: Disabled
Heap:
 garbage-first heap   total 413696K, used 232851K [0x0000000080000000, 0x0000000100000000)
  region size 1024K, 123 young (125952K), 10 survivors (10240K)
 Metaspace       used 118917K, capacity 120401K, committed 120576K, reserved 1155072K
  class space    used 14636K, capacity 15057K, committed 15104K, reserved 1048576K
GC Heap History (20 events):
Event: 84.019 GC heap before
{Heap before GC invocations=52 (full 0):
 garbage-first heap   total 301056K, used 151552K [0x0000000080000000, 0x0000000100000000)
  region size 1024K, 65 young (66560K), 5 survivors (5120K)
 Metaspace       used 95960K, capacity 97326K, committed 97536K, reserved 1134592K
  class space    used 11805K, capacity 12206K, committed 12288K, reserved 1048576K
}
Event: 84.078 GC heap after
{Heap after GC invocations=53 (full 0):
 garbage-first heap   total 301056K, used 102800K [0x0000000080000000, 0x0000000100000000)
  region size 1024K, 9 young (9216K), 9 survivors (9216K)
 Metaspace       used 95960K, capacity 97326K, committed 97536K, reserved 1134592K
  class space    used 11805K, capacity 12206K, committed 12288K, reserved 1048576K
}
Event: 84.332 GC heap before
{Heap before GC invocations=53 (full 0):
 garbage-first heap   total 301056K, used 107920K [0x0000000080000000, 0x0000000100000000)
  region size 1024K, 14 young (14336K), 9 survivors (9216K)
 Metaspace       used 96754K, capacity 98094K, committed 98304K, reserved 1134592K
  class space    used 11893K, capacity 12270K, committed 12288K, reserved 1048576K
}
Event: 84.435 GC heap after
{Heap after GC invocations=54 (full 0):
 garbage-first heap   total 301056K, used 82432K [0x0000000080000000, 0x0000000100000000)
  region size 1024K, 1 young (1024K), 1 survivors (1024K)
 Metaspace       used 96754K, capacity 98094K, committed 98304K, reserved 1134592K
  class space    used 11893K, capacity 12270K, committed 12288K, reserved 1048576K
}
Event: 89.039 GC heap before
{Heap before GC invocations=54 (full 0):
 garbage-first heap   total 301056K, used 202240K [0x0000000080000000, 0x0000000100000000)
  region size 1024K, 117 young (119808K), 1 survivors (1024K)
 Metaspace       used 104771K, capacity 106240K, committed 106496K, reserved 1142784K
  class space    used 12893K, capacity 13297K, committed 13312K, reserved 1048576K
}
Event: 89.192 GC heap after
{Heap after GC invocations=55 (full 0):
 garbage-first heap   total 416768K, used 133632K [0x0000000080000000, 0x0000000100000000)
  region size 1024K, 15 young (15360K), 15 survivors (15360K)
 Metaspace       used 104771K, capacity 106240K, committed 106496K, reserved 1142784K
  class space    used 12893K, capacity 13297K, committed 13312K, reserved 1048576K
}
Event: 90.266 GC heap before
{Heap before GC invocations=55 (full 0):
 garbage-first heap   total 416768K, used 211456K [0x0000000080000000, 0x0000000100000000)
  region size 1024K, 91 young (93184K), 15 survivors (15360K)
 Metaspace       used 104805K, capacity 106240K, committed 106496K, reserved 1142784K
  class space    used 12893K, capacity 13297K, committed 13312K, reserved 1048576K
}
Event: 90.467 GC heap after
{Heap after GC invocations=56 (full 0):
 garbage-first heap   total 416768K, used 197120K [0x0000000080000000, 0x0000000100000000)
  region size 1024K, 12 young (12288K), 12 survivors (12288K)
 Metaspace       used 104805K, capacity 106240K, committed 106496K, reserved 1142784K
  class space    used 12893K, capacity 13297K, committed 13312K, reserved 1048576K
}
Event: 98.642 GC heap before
{Heap before GC invocations=56 (full 0):
 garbage-first heap   total 416768K, used 261632K [0x0000000080000000, 0x0000000100000000)
  region size 1024K, 75 young (76800K), 12 survivors (12288K)
 Metaspace       used 107361K, capacity 108734K, committed 108800K, reserved 1144832K
  class space    used 13142K, capacity 13527K, committed 13568K, reserved 1048576K
}
Event: 98.745 GC heap after
{Heap after GC invocations=57 (full 0):
 garbage-first heap   total 416768K, used 215552K [0x0000000080000000, 0x0000000100000000)
  region size 1024K, 10 young (10240K), 10 survivors (10240K)
 Metaspace       used 107361K, capacity 108734K, committed 108800K, reserved 1144832K
  class space    used 13142K, capacity 13527K, committed 13568K, reserved 1048576K
}
Event: 101.261 GC heap before
{Heap before GC invocations=57 (full 0):
 garbage-first heap   total 416768K, used 258560K [0x0000000080000000, 0x0000000100000000)
  region size 1024K, 53 young (54272K), 10 survivors (10240K)
 Metaspace       used 108898K, capacity 110320K, committed 110592K, reserved 1146880K
  class space    used 13342K, capacity 13739K, committed 13824K, reserved 1048576K
}
Event: 101.306 GC heap after
{Heap after GC invocations=58 (full 0):
 garbage-first heap   total 416768K, used 219648K [0x0000000080000000, 0x0000000100000000)
  region size 1024K, 4 young (4096K), 4 survivors (4096K)
 Metaspace       used 108898K, capacity 110320K, committed 110592K, reserved 1146880K
  class space    used 13342K, capacity 13739K, committed 13824K, reserved 1048576K
}
Event: 103.876 GC heap before
{Heap before GC invocations=59 (full 0):
 garbage-first heap   total 416768K, used 231936K [0x0000000080000000, 0x0000000100000000)
  region size 1024K, 73 young (74752K), 4 survivors (4096K)
 Metaspace       used 109279K, capacity 110672K, committed 110848K, reserved 1146880K
  class space    used 13371K, capacity 13771K, committed 13824K, reserved 1048576K
}
Event: 103.901 GC heap after
{Heap after GC invocations=60 (full 0):
 garbage-first heap   total 416768K, used 163807K [0x0000000080000000, 0x0000000100000000)
  region size 1024K, 7 young (7168K), 7 survivors (7168K)
 Metaspace       used 109279K, capacity 110672K, committed 110848K, reserved 1146880K
  class space    used 13371K, capacity 13771K, committed 13824K, reserved 1048576K
}
Event: 105.402 GC heap before
{Heap before GC invocations=60 (full 0):
 garbage-first heap   total 416768K, used 177119K [0x0000000080000000, 0x0000000100000000)
  region size 1024K, 20 young (20480K), 7 survivors (7168K)
 Metaspace       used 109284K, capacity 110672K, committed 110848K, reserved 1146880K
  class space    used 13371K, capacity 13771K, committed 13824K, reserved 1048576K
}
Event: 105.540 GC heap after
{Heap after GC invocations=61 (full 0):
 garbage-first heap   total 416768K, used 141312K [0x0000000080000000, 0x0000000100000000)
  region size 1024K, 2 young (2048K), 2 survivors (2048K)
 Metaspace       used 109284K, capacity 110672K, committed 110848K, reserved 1146880K
  class space    used 13371K, capacity 13771K, committed 13824K, reserved 1048576K
}
Event: 107.735 GC heap before
{Heap before GC invocations=61 (full 0):
 garbage-first heap   total 416768K, used 256000K [0x0000000080000000, 0x0000000100000000)
  region size 1024K, 114 young (116736K), 2 survivors (2048K)
 Metaspace       used 109303K, capacity 110736K, committed 110848K, reserved 1146880K
  class space    used 13372K, capacity 13771K, committed 13824K, reserved 1048576K
}
Event: 107.769 GC heap after
{Heap after GC invocations=62 (full 0):
 garbage-first heap   total 416768K, used 144076K [0x0000000080000000, 0x0000000100000000)
  region size 1024K, 5 young (5120K), 5 survivors (5120K)
 Metaspace       used 109303K, capacity 110736K, committed 110848K, reserved 1146880K
  class space    used 13372K, capacity 13771K, committed 13824K, reserved 1048576K
}
Event: 108.080 GC heap before
{Heap before GC invocations=62 (full 0):
 garbage-first heap   total 416768K, used 164556K [0x0000000080000000, 0x0000000100000000)
  region size 1024K, 26 young (26624K), 5 survivors (5120K)
 Metaspace       used 109370K, capacity 110832K, committed 111104K, reserved 1146880K
  class space    used 13382K, capacity 13803K, committed 13824K, reserved 1048576K
}
Event: 108.112 GC heap after
{Heap after GC invocations=63 (full 0):
 garbage-first heap   total 416768K, used 148883K [0x0000000080000000, 0x0000000100000000)
  region size 1024K, 10 young (10240K), 10 survivors (10240K)
 Metaspace       used 109370K, capacity 110832K, committed 111104K, reserved 1146880K
  class space    used 13382K, capacity 13803K, committed 13824K, reserved 1048576K
}

