# JRE version: Java(TM) SE Runtime Environment (15.0.1+9) (build 15.0.1+9-18)
# Java VM: Java HotSpot(TM) 64-Bit Server VM (15.0.1+9-18, mixed mode, sharing, tiered, compressed oops, g1 gc, windows-amd64)
GC Precious Log:
 CPUs: 2 total, 2 available
 Memory: 7369M
 Large Page Support: Disabled
 NUMA Support: Disabled
 Compressed Oops: Enabled (32-bit)
 Heap Region Size: 1M
 Heap Min Capacity: 8M
 Heap Initial Capacity: 116M
 Heap Max Capacity: 2G
 Pre-touch: Disabled
 Parallel Workers: 2
 Concurrent Workers: 1
 Concurrent Refinement Workers: 2
 Periodic GC: Disabled
Heap:
 garbage-first heap   total 118784K, used 28756K [0x0000000080000000, 0x0000000100000000)
  region size 1024K, 22 young (22528K), 8 survivors (8192K)
 Metaspace       used 14163K, capacity 14630K, committed 14848K, reserved 1062912K
  class space    used 1876K, capacity 2033K, committed 2048K, reserved 1048576K
GC Heap History (8 events):
Event: 2.425 GC heap before
{Heap before GC invocations=0 (full 0):
 garbage-first heap   total 118784K, used 6144K [0x0000000080000000, 0x0000000100000000)
  region size 1024K, 6 young (6144K), 0 survivors (0K)
 Metaspace       used 764K, capacity 4737K, committed 4864K, reserved 1056768K
  class space    used 67K, capacity 427K, committed 512K, reserved 1048576K
}
Event: 2.923 GC heap after
{Heap after GC invocations=1 (full 0):
 garbage-first heap   total 118784K, used 1340K [0x0000000080000000, 0x0000000100000000)
  region size 1024K, 1 young (1024K), 1 survivors (1024K)
 Metaspace       used 764K, capacity 4737K, committed 4864K, reserved 1056768K
  class space    used 67K, capacity 427K, committed 512K, reserved 1048576K
}
Event: 4.445 GC heap before
{Heap before GC invocations=1 (full 0):
 garbage-first heap   total 118784K, used 12604K [0x0000000080000000, 0x0000000100000000)
  region size 1024K, 7 young (7168K), 1 survivors (1024K)
 Metaspace       used 1594K, capacity 5081K, committed 5120K, reserved 1056768K
  class space    used 152K, capacity 499K, committed 512K, reserved 1048576K
}
Event: 4.458 GC heap after
{Heap after GC invocations=2 (full 0):
 garbage-first heap   total 118784K, used 7984K [0x0000000080000000, 0x0000000100000000)
  region size 1024K, 1 young (1024K), 1 survivors (1024K)
 Metaspace       used 1594K, capacity 5081K, committed 5120K, reserved 1056768K
  class space    used 152K, capacity 499K, committed 512K, reserved 1048576K
}
Event: 7.132 GC heap before
{Heap before GC invocations=2 (full 0):
 garbage-first heap   total 118784K, used 17200K [0x0000000080000000, 0x0000000100000000)
  region size 1024K, 10 young (10240K), 1 survivors (1024K)
 Metaspace       used 3864K, capacity 6533K, committed 6656K, reserved 1056768K
  class space    used 475K, capacity 727K, committed 768K, reserved 1048576K
}
Event: 7.139 GC heap after
{Heap after GC invocations=3 (full 0):
 garbage-first heap   total 118784K, used 8218K [0x0000000080000000, 0x0000000100000000)
  region size 1024K, 2 young (2048K), 2 survivors (2048K)
 Metaspace       used 3864K, capacity 6533K, committed 6656K, reserved 1056768K
  class space    used 475K, capacity 727K, committed 768K, reserved 1048576K
}
Event: 19.802 GC heap before
{Heap before GC invocations=3 (full 0):
 garbage-first heap   total 118784K, used 67610K [0x0000000080000000, 0x0000000100000000)
  region size 1024K, 60 young (61440K), 2 survivors (2048K)
 Metaspace       used 11239K, capacity 11583K, committed 11648K, reserved 1058816K
  class space    used 1538K, capacity 1633K, committed 1664K, reserved 1048576K
}
Event: 19.832 GC heap after
{Heap after GC invocations=4 (full 0):
 garbage-first heap   total 118784K, used 15444K [0x0000000080000000, 0x0000000100000000)
  region size 1024K, 8 young (8192K), 8 survivors (8192K)
 Metaspace       used 11239K, capacity 11583K, committed 11648K, reserved 1058816K
  class space    used 1538K, capacity 1633K, committed 1664K, reserved 1048576K
}

