# JRE version: Java(TM) SE Runtime Environment (15.0.1+9) (build 15.0.1+9-18)
# Java VM: Java HotSpot(TM) 64-Bit Server VM (15.0.1+9-18, mixed mode, sharing, tiered, compressed oops, g1 gc, windows-amd64)
GC Precious Log:
 CPUs: 2 total, 2 available
 Memory: 7369M
 Large Page Support: Disabled
 NUMA Support: Disabled
 Compressed Oops: Enabled (32-bit)
 Heap Region Size: 1M
 Heap Min Capacity: 8M
 Heap Initial Capacity: 116M
 Heap Max Capacity: 2G
 Pre-touch: Disabled
 Parallel Workers: 2
 Concurrent Workers: 1
 Concurrent Refinement Workers: 2
 Periodic GC: Disabled
Heap:
 garbage-first heap   total 598016K, used 205312K [0x0000000080000000, 0x0000000100000000)
  region size 1024K, 3 young (3072K), 3 survivors (3072K)
 Metaspace       used 118822K, capacity 120344K, committed 120704K, reserved 1155072K
  class space    used 14644K, capacity 15106K, committed 15232K, reserved 1048576K
GC Heap History (20 events):
Event: 83.516 GC heap after
{Heap after GC invocations=68 (full 0):
 garbage-first heap   total 397312K, used 178688K [0x0000000080000000, 0x0000000100000000)
  region size 1024K, 4 young (4096K), 4 survivors (4096K)
 Metaspace       used 103694K, capacity 105160K, committed 105216K, reserved 1140736K
  class space    used 12836K, capacity 13268K, committed 13312K, reserved 1048576K
}
Event: 89.025 GC heap before
{Heap before GC invocations=69 (full 0):
 garbage-first heap   total 397312K, used 211456K [0x0000000080000000, 0x0000000100000000)
  region size 1024K, 64 young (65536K), 4 survivors (4096K)
 Metaspace       used 105172K, capacity 106487K, committed 106496K, reserved 1142784K
  class space    used 12927K, capacity 13303K, committed 13312K, reserved 1048576K
}
Event: 89.095 GC heap after
{Heap after GC invocations=70 (full 0):
 garbage-first heap   total 397312K, used 151040K [0x0000000080000000, 0x0000000100000000)
  region size 1024K, 8 young (8192K), 8 survivors (8192K)
 Metaspace       used 105172K, capacity 106487K, committed 106496K, reserved 1142784K
  class space    used 12927K, capacity 13303K, committed 13312K, reserved 1048576K
}
Event: 91.965 GC heap before
{Heap before GC invocations=70 (full 0):
 garbage-first heap   total 397312K, used 219648K [0x0000000080000000, 0x0000000100000000)
  region size 1024K, 70 young (71680K), 8 survivors (8192K)
 Metaspace       used 106978K, capacity 108465K, committed 108672K, reserved 1144832K
  class space    used 13169K, capacity 13606K, committed 13696K, reserved 1048576K
}
Event: 92.035 GC heap after
{Heap after GC invocations=71 (full 0):
 garbage-first heap   total 397312K, used 160256K [0x0000000080000000, 0x0000000100000000)
  region size 1024K, 7 young (7168K), 7 survivors (7168K)
 Metaspace       used 106978K, capacity 108465K, committed 108672K, reserved 1144832K
  class space    used 13169K, capacity 13606K, committed 13696K, reserved 1048576K
}
Event: 96.357 GC heap before
{Heap before GC invocations=71 (full 0):
 garbage-first heap   total 397312K, used 255488K [0x0000000080000000, 0x0000000100000000)
  region size 1024K, 99 young (101376K), 7 survivors (7168K)
 Metaspace       used 115021K, capacity 116443K, committed 116608K, reserved 1150976K
  class space    used 14284K, capacity 14708K, committed 14720K, reserved 1048576K
}
Event: 96.404 GC heap after
{Heap after GC invocations=72 (full 0):
 garbage-first heap   total 397312K, used 164864K [0x0000000080000000, 0x0000000100000000)
  region size 1024K, 11 young (11264K), 11 survivors (11264K)
 Metaspace       used 115021K, capacity 116443K, committed 116608K, reserved 1150976K
  class space    used 14284K, capacity 14708K, committed 14720K, reserved 1048576K
}
Event: 101.665 GC heap before
{Heap before GC invocations=72 (full 0):
 garbage-first heap   total 397312K, used 286720K [0x0000000080000000, 0x0000000100000000)
  region size 1024K, 131 young (134144K), 11 survivors (11264K)
 Metaspace       used 117707K, capacity 119177K, committed 119424K, reserved 1153024K
  class space    used 14533K, capacity 14975K, committed 14976K, reserved 1048576K
}
Event: 101.737 GC heap after
{Heap after GC invocations=73 (full 0):
 garbage-first heap   total 397312K, used 174080K [0x0000000080000000, 0x0000000100000000)
  region size 1024K, 16 young (16384K), 16 survivors (16384K)
 Metaspace       used 117707K, capacity 119177K, committed 119424K, reserved 1153024K
  class space    used 14533K, capacity 14975K, committed 14976K, reserved 1048576K
}
Event: 108.929 GC heap before
{Heap before GC invocations=73 (full 0):
 garbage-first heap   total 397312K, used 293888K [0x0000000080000000, 0x0000000100000000)
  region size 1024K, 131 young (134144K), 16 survivors (16384K)
 Metaspace       used 118690K, capacity 120184K, committed 120320K, reserved 1155072K
  class space    used 14639K, capacity 15074K, committed 15104K, reserved 1048576K
}
Event: 108.959 GC heap after
{Heap after GC invocations=74 (full 0):
 garbage-first heap   total 478208K, used 182272K [0x0000000080000000, 0x0000000100000000)
  region size 1024K, 17 young (17408K), 17 survivors (17408K)
 Metaspace       used 118690K, capacity 120184K, committed 120320K, reserved 1155072K
  class space    used 14639K, capacity 15074K, committed 15104K, reserved 1048576K
}
Event: 111.377 GC heap before
{Heap before GC invocations=74 (full 0):
 garbage-first heap   total 478208K, used 364544K [0x0000000080000000, 0x0000000100000000)
  region size 1024K, 196 young (200704K), 17 survivors (17408K)
 Metaspace       used 118751K, capacity 120184K, committed 120320K, reserved 1155072K
  class space    used 14641K, capacity 15074K, committed 15104K, reserved 1048576K
}
Event: 111.518 GC heap after
{Heap after GC invocations=75 (full 0):
 garbage-first heap   total 478208K, used 220631K [0x0000000080000000, 0x0000000100000000)
  region size 1024K, 25 young (25600K), 25 survivors (25600K)
 Metaspace       used 118751K, capacity 120184K, committed 120320K, reserved 1155072K
  class space    used 14641K, capacity 15074K, committed 15104K, reserved 1048576K
}
Event: 114.937 GC heap before
{Heap before GC invocations=75 (full 0):
 garbage-first heap   total 478208K, used 357847K [0x0000000080000000, 0x0000000100000000)
  region size 1024K, 156 young (159744K), 25 survivors (25600K)
 Metaspace       used 118786K, capacity 120184K, committed 120320K, reserved 1155072K
  class space    used 14641K, capacity 15074K, committed 15104K, reserved 1048576K
}
Event: 115.292 GC heap after
{Heap after GC invocations=76 (full 0):
 garbage-first heap   total 478208K, used 256000K [0x0000000080000000, 0x0000000100000000)
  region size 1024K, 20 young (20480K), 20 survivors (20480K)
 Metaspace       used 118786K, capacity 120184K, committed 120320K, reserved 1155072K
  class space    used 14641K, capacity 15074K, committed 15104K, reserved 1048576K
}
Event: 116.238 GC heap before
{Heap before GC invocations=76 (full 0):
 garbage-first heap   total 478208K, used 289792K [0x0000000080000000, 0x0000000100000000)
  region size 1024K, 53 young (54272K), 20 survivors (20480K)
 Metaspace       used 118801K, capacity 120248K, committed 120320K, reserved 1155072K
  class space    used 14641K, capacity 15074K, committed 15104K, reserved 1048576K
}
Event: 116.429 GC heap after
{Heap after GC invocations=77 (full 0):
 garbage-first heap   total 478208K, used 265728K [0x0000000080000000, 0x0000000100000000)
  region size 1024K, 7 young (7168K), 7 survivors (7168K)
 Metaspace       used 118801K, capacity 120248K, committed 120320K, reserved 1155072K
  class space    used 14641K, capacity 15074K, committed 15104K, reserved 1048576K
}
Event: 120.409 GC heap before
{Heap before GC invocations=78 (full 0):
 garbage-first heap   total 478208K, used 295424K [0x0000000080000000, 0x0000000100000000)
  region size 1024K, 84 young (86016K), 7 survivors (7168K)
 Metaspace       used 118822K, capacity 120344K, committed 120704K, reserved 1155072K
  class space    used 14644K, capacity 15106K, committed 15232K, reserved 1048576K
}
Event: 120.582 GC heap after
{Heap after GC invocations=79 (full 0):
 garbage-first heap   total 478208K, used 234496K [0x0000000080000000, 0x0000000100000000)
  region size 1024K, 11 young (11264K), 11 survivors (11264K)
 Metaspace       used 118822K, capacity 120344K, committed 120704K, reserved 1155072K
  class space    used 14644K, capacity 15106K, committed 15232K, reserved 1048576K
}
Event: 120.786 GC heap before
{Heap before GC invocations=79 (full 0):
 garbage-first heap   total 478208K, used 246784K [0x0000000080000000, 0x0000000100000000)
  region size 1024K, 23 young (23552K), 11 survivors (11264K)
 Metaspace       used 118822K, capacity 120344K, committed 120704K, reserved 1155072K
  class space    used 14644K, capacity 15106K, committed 15232K, reserved 1048576K
}

