# JRE version: Java(TM) SE Runtime Environment (15.0.1+9) (build 15.0.1+9-18)
# Java VM: Java HotSpot(TM) 64-Bit Server VM (15.0.1+9-18, mixed mode, sharing, tiered, compressed oops, g1 gc, windows-amd64)
GC Precious Log:
 CPUs: 2 total, 2 available
 Memory: 7369M
 Large Page Support: Disabled
 NUMA Support: Disabled
 Compressed Oops: Enabled (32-bit)
 Heap Region Size: 1M
 Heap Min Capacity: 8M
 Heap Initial Capacity: 116M
 Heap Max Capacity: 2G
 Pre-touch: Disabled
 Parallel Workers: 2
 Concurrent Workers: 1
 Concurrent Refinement Workers: 2
 Periodic GC: Disabled
Heap:
 garbage-first heap   total 392192K, used 192429K [0x0000000080000000, 0x0000000100000000)
  region size 1024K, 2 young (2048K), 2 survivors (2048K)
 Metaspace       used 102337K, capacity 103831K, committed 104064K, reserved 1140736K
  class space    used 12750K, capacity 13181K, committed 13184K, reserved 1048576K
GC Heap History (20 events):
Event: 171.770 GC heap after
{Heap after GC invocations=67 (full 0):
 garbage-first heap   total 181248K, used 113152K [0x0000000080000000, 0x0000000100000000)
  region size 1024K, 3 young (3072K), 3 survivors (3072K)
 Metaspace       used 96911K, capacity 98255K, committed 98560K, reserved 1134592K
  class space    used 12075K, capacity 12438K, committed 12544K, reserved 1048576K
}
Event: 172.108 GC heap before
{Heap before GC invocations=67 (full 0):
 garbage-first heap   total 181248K, used 132608K [0x0000000080000000, 0x0000000100000000)
  region size 1024K, 22 young (22528K), 3 survivors (3072K)
 Metaspace       used 96911K, capacity 98255K, committed 98560K, reserved 1134592K
  class space    used 12075K, capacity 12438K, committed 12544K, reserved 1048576K
}
Event: 172.215 GC heap after
{Heap after GC invocations=68 (full 0):
 garbage-first heap   total 181248K, used 128512K [0x0000000080000000, 0x0000000100000000)
  region size 1024K, 3 young (3072K), 3 survivors (3072K)
 Metaspace       used 96911K, capacity 98255K, committed 98560K, reserved 1134592K
  class space    used 12075K, capacity 12438K, committed 12544K, reserved 1048576K
}
Event: 173.535 GC heap before
{Heap before GC invocations=69 (full 0):
 garbage-first heap   total 222208K, used 138752K [0x0000000080000000, 0x0000000100000000)
  region size 1024K, 13 young (13312K), 3 survivors (3072K)
 Metaspace       used 97983K, capacity 99285K, committed 99456K, reserved 1136640K
  class space    used 12221K, capacity 12567K, committed 12672K, reserved 1048576K
}
Event: 173.561 GC heap after
{Heap after GC invocations=70 (full 0):
 garbage-first heap   total 222208K, used 132608K [0x0000000080000000, 0x0000000100000000)
  region size 1024K, 2 young (2048K), 2 survivors (2048K)
 Metaspace       used 97983K, capacity 99285K, committed 99456K, reserved 1136640K
  class space    used 12221K, capacity 12567K, committed 12672K, reserved 1048576K
}
Event: 174.998 GC heap before
{Heap before GC invocations=70 (full 0):
 garbage-first heap   total 222208K, used 145920K [0x0000000080000000, 0x0000000100000000)
  region size 1024K, 17 young (17408K), 2 survivors (2048K)
 Metaspace       used 100137K, capacity 101447K, committed 101504K, reserved 1138688K
  class space    used 12532K, capacity 12922K, committed 12928K, reserved 1048576K
}
Event: 175.015 GC heap after
{Heap after GC invocations=71 (full 0):
 garbage-first heap   total 222208K, used 133863K [0x0000000080000000, 0x0000000100000000)
  region size 1024K, 4 young (4096K), 4 survivors (4096K)
 Metaspace       used 100137K, capacity 101447K, committed 101504K, reserved 1138688K
  class space    used 12532K, capacity 12922K, committed 12928K, reserved 1048576K
}
Event: 180.182 GC heap before
{Heap before GC invocations=72 (full 0):
 garbage-first heap   total 230400K, used 159463K [0x0000000080000000, 0x0000000100000000)
  region size 1024K, 29 young (29696K), 4 survivors (4096K)
 Metaspace       used 100958K, capacity 102349K, committed 102656K, reserved 1138688K
  class space    used 12593K, capacity 12987K, committed 13056K, reserved 1048576K
}
Event: 180.224 GC heap after
{Heap after GC invocations=73 (full 0):
 garbage-first heap   total 230400K, used 145077K [0x0000000080000000, 0x0000000100000000)
  region size 1024K, 4 young (4096K), 4 survivors (4096K)
 Metaspace       used 100958K, capacity 102349K, committed 102656K, reserved 1138688K
  class space    used 12593K, capacity 12987K, committed 13056K, reserved 1048576K
}
Event: 180.786 GC heap before
{Heap before GC invocations=73 (full 0):
 garbage-first heap   total 230400K, used 168629K [0x0000000080000000, 0x0000000100000000)
  region size 1024K, 28 young (28672K), 4 survivors (4096K)
 Metaspace       used 100958K, capacity 102349K, committed 102656K, reserved 1138688K
  class space    used 12593K, capacity 12987K, committed 13056K, reserved 1048576K
}
Event: 180.849 GC heap after
{Heap after GC invocations=74 (full 0):
 garbage-first heap   total 230400K, used 166400K [0x0000000080000000, 0x0000000100000000)
  region size 1024K, 4 young (4096K), 4 survivors (4096K)
 Metaspace       used 100958K, capacity 102349K, committed 102656K, reserved 1138688K
  class space    used 12593K, capacity 12987K, committed 13056K, reserved 1048576K
}
Event: 181.685 GC heap before
{Heap before GC invocations=74 (full 0):
 garbage-first heap   total 281600K, used 180736K [0x0000000080000000, 0x0000000100000000)
  region size 1024K, 18 young (18432K), 4 survivors (4096K)
 Metaspace       used 100958K, capacity 102349K, committed 102656K, reserved 1138688K
  class space    used 12593K, capacity 12987K, committed 13056K, reserved 1048576K
}
Event: 181.748 GC heap after
{Heap after GC invocations=75 (full 0):
 garbage-first heap   total 281600K, used 180224K [0x0000000080000000, 0x0000000100000000)
  region size 1024K, 3 young (3072K), 3 survivors (3072K)
 Metaspace       used 100958K, capacity 102349K, committed 102656K, reserved 1138688K
  class space    used 12593K, capacity 12987K, committed 13056K, reserved 1048576K
}
Event: 182.850 GC heap before
{Heap before GC invocations=76 (full 0):
 garbage-first heap   total 281600K, used 204800K [0x0000000080000000, 0x0000000100000000)
  region size 1024K, 28 young (28672K), 3 survivors (3072K)
 Metaspace       used 101057K, capacity 102477K, committed 102656K, reserved 1138688K
  class space    used 12593K, capacity 12987K, committed 13056K, reserved 1048576K
}
Event: 182.922 GC heap after
{Heap after GC invocations=77 (full 0):
 garbage-first heap   total 281600K, used 199680K [0x0000000080000000, 0x0000000100000000)
  region size 1024K, 4 young (4096K), 4 survivors (4096K)
 Metaspace       used 101057K, capacity 102477K, committed 102656K, reserved 1138688K
  class space    used 12593K, capacity 12987K, committed 13056K, reserved 1048576K
}
Event: 183.028 GC heap before
{Heap before GC invocations=77 (full 0):
 garbage-first heap   total 281600K, used 216064K [0x0000000080000000, 0x0000000100000000)
  region size 1024K, 20 young (20480K), 4 survivors (4096K)
 Metaspace       used 101057K, capacity 102477K, committed 102656K, reserved 1138688K
  class space    used 12593K, capacity 12987K, committed 13056K, reserved 1048576K
}
Event: 183.080 GC heap after
{Heap after GC invocations=78 (full 0):
 garbage-first heap   total 281600K, used 216064K [0x0000000080000000, 0x0000000100000000)
  region size 1024K, 3 young (3072K), 3 survivors (3072K)
 Metaspace       used 101057K, capacity 102477K, committed 102656K, reserved 1138688K
  class space    used 12593K, capacity 12987K, committed 13056K, reserved 1048576K
}
Event: 183.162 GC heap before
{Heap before GC invocations=78 (full 0):
 garbage-first heap   total 281600K, used 226304K [0x0000000080000000, 0x0000000100000000)
  region size 1024K, 13 young (13312K), 3 survivors (3072K)
 Metaspace       used 101057K, capacity 102477K, committed 102656K, reserved 1138688K
  class space    used 12593K, capacity 12987K, committed 13056K, reserved 1048576K
}
Event: 183.235 GC heap after
{Heap after GC invocations=79 (full 0):
 garbage-first heap   total 281600K, used 226816K [0x0000000080000000, 0x0000000100000000)
  region size 1024K, 2 young (2048K), 2 survivors (2048K)
 Metaspace       used 101057K, capacity 102477K, committed 102656K, reserved 1138688K
  class space    used 12593K, capacity 12987K, committed 13056K, reserved 1048576K
}
Event: 185.649 GC heap before
{Heap before GC invocations=80 (full 0):
 garbage-first heap   total 326656K, used 201216K [0x0000000080000000, 0x0000000100000000)
  region size 1024K, 13 young (13312K), 2 survivors (2048K)
 Metaspace       used 102337K, capacity 103831K, committed 104064K, reserved 1140736K
  class space    used 12750K, capacity 13181K, committed 13184K, reserved 1048576K
}

