# JRE version: OpenJDK Runtime Environment (8.0_242-b01) (build 1.8.0_242-release-1644-b01)
# Java VM: OpenJDK 64-Bit Server VM (25.242-b01 mixed mode windows-amd64 compressed oops)
Heap:
 PSYoungGen      total 492032K, used 117855K [0x00000000d5580000, 0x00000000f8780000, 0x0000000100000000)
  eden space 445952K, 17% used [0x00000000d5580000,0x00000000da17ad88,0x00000000f0900000)
  from space 46080K, 86% used [0x00000000f3b00000,0x00000000f621cf98,0x00000000f6800000)
  to   space 51200K, 0% used [0x00000000f0900000,0x00000000f0900000,0x00000000f3b00000)
 ParOldGen       total 199168K, used 75432K [0x0000000080000000, 0x000000008c280000, 0x00000000d5580000)
  object space 199168K, 37% used [0x0000000080000000,0x00000000849aa330,0x000000008c280000)
 Metaspace       used 118158K, capacity 124602K, committed 124800K, reserved 1157120K
  class space    used 15208K, capacity 16482K, committed 16512K, reserved 1048576K
GC Heap History (10 events):
Event: 1157.597 GC heap before
{Heap before GC invocations=20 (full 4):
 PSYoungGen      total 391680K, used 26969K [0x00000000d5580000, 0x00000000efe00000, 0x0000000100000000)
  eden space 363008K, 0% used [0x00000000d5580000,0x00000000d5580000,0x00000000eb800000)
  from space 28672K, 94% used [0x00000000ee200000,0x00000000efc56628,0x00000000efe00000)
  to   space 35840K, 0% used [0x00000000eb800000,0x00000000eb800000,0x00000000edb00000)
 ParOldGen       total 138752K, used 62933K [0x0000000080000000, 0x0000000088780000, 0x00000000d5580000)
  object space 138752K, 45% used [0x0000000080000000,0x0000000083d75568,0x0000000088780000)
 Metaspace       used 93461K, capacity 98368K, committed 98496K, reserved 1134592K
  class space    used 12177K, capacity 13232K, committed 13312K, reserved 1048576K
Event: 1161.415 GC heap after
Heap after GC invocations=20 (full 4):
 PSYoungGen      total 391680K, used 0K [0x00000000d5580000, 0x00000000efe00000, 0x0000000100000000)
  eden space 363008K, 0% used [0x00000000d5580000,0x00000000d5580000,0x00000000eb800000)
  from space 28672K, 0% used [0x00000000ee200000,0x00000000ee200000,0x00000000efe00000)
  to   space 35840K, 0% used [0x00000000eb800000,0x00000000eb800000,0x00000000edb00000)
 ParOldGen       total 199168K, used 56597K [0x0000000080000000, 0x000000008c280000, 0x00000000d5580000)
  object space 199168K, 28% used [0x0000000080000000,0x0000000083745700,0x000000008c280000)
 Metaspace       used 93387K, capacity 98162K, committed 98496K, reserved 1134592K
  class space    used 12155K, capacity 13207K, committed 13312K, reserved 1048576K
}
Event: 1293.894 GC heap before
{Heap before GC invocations=21 (full 4):
 PSYoungGen      total 391680K, used 363008K [0x00000000d5580000, 0x00000000efe00000, 0x0000000100000000)
  eden space 363008K, 100% used [0x00000000d5580000,0x00000000eb800000,0x00000000eb800000)
  from space 28672K, 0% used [0x00000000ee200000,0x00000000ee200000,0x00000000efe00000)
  to   space 35840K, 0% used [0x00000000eb800000,0x00000000eb800000,0x00000000edb00000)
 ParOldGen       total 199168K, used 56597K [0x0000000080000000, 0x000000008c280000, 0x00000000d5580000)
  object space 199168K, 28% used [0x0000000080000000,0x0000000083745700,0x000000008c280000)
 Metaspace       used 102749K, capacity 107870K, committed 108160K, reserved 1142784K
  class space    used 13242K, capacity 14339K, committed 14464K, reserved 1048576K
Event: 1294.361 GC heap after
Heap after GC invocations=21 (full 4):
 PSYoungGen      total 398848K, used 16141K [0x00000000d5580000, 0x00000000f2880000, 0x0000000100000000)
  eden space 363008K, 0% used [0x00000000d5580000,0x00000000d5580000,0x00000000eb800000)
  from space 35840K, 45% used [0x00000000eb800000,0x00000000ec7c3700,0x00000000edb00000)
  to   space 34304K, 0% used [0x00000000f0700000,0x00000000f0700000,0x00000000f2880000)
 ParOldGen       total 199168K, used 56605K [0x0000000080000000, 0x000000008c280000, 0x00000000d5580000)
  object space 199168K, 28% used [0x0000000080000000,0x0000000083747700,0x000000008c280000)
 Metaspace       used 102749K, capacity 107870K, committed 108160K, reserved 1142784K
  class space    used 13242K, capacity 14339K, committed 14464K, reserved 1048576K
}
Event: 1328.649 GC heap before
{Heap before GC invocations=22 (full 4):
 PSYoungGen      total 398848K, used 379149K [0x00000000d5580000, 0x00000000f2880000, 0x0000000100000000)
  eden space 363008K, 100% used [0x00000000d5580000,0x00000000eb800000,0x00000000eb800000)
  from space 35840K, 45% used [0x00000000eb800000,0x00000000ec7c3700,0x00000000edb00000)
  to   space 34304K, 0% used [0x00000000f0700000,0x00000000f0700000,0x00000000f2880000)
 ParOldGen       total 199168K, used 56605K [0x0000000080000000, 0x000000008c280000, 0x00000000d5580000)
  object space 199168K, 28% used [0x0000000080000000,0x0000000083747700,0x000000008c280000)
 Metaspace       used 108182K, capacity 113434K, committed 113664K, reserved 1148928K
  class space    used 13917K, capacity 15018K, committed 15104K, reserved 1048576K
Event: 1328.778 GC heap after
Heap after GC invocations=22 (full 4):
 PSYoungGen      total 434688K, used 20430K [0x00000000d5580000, 0x00000000f2400000, 0x0000000100000000)
  eden space 404992K, 0% used [0x00000000d5580000,0x00000000d5580000,0x00000000ee100000)
  from space 29696K, 68% used [0x00000000f0700000,0x00000000f1af3b98,0x00000000f2400000)
  to   space 34304K, 0% used [0x00000000ee100000,0x00000000ee100000,0x00000000f0280000)
 ParOldGen       total 199168K, used 56613K [0x0000000080000000, 0x000000008c280000, 0x00000000d5580000)
  object space 199168K, 28% used [0x0000000080000000,0x0000000083749700,0x000000008c280000)
 Metaspace       used 108182K, capacity 113434K, committed 113664K, reserved 1148928K
  class space    used 13917K, capacity 15018K, committed 15104K, reserved 1048576K
}
Event: 1373.527 GC heap before
{Heap before GC invocations=23 (full 4):
 PSYoungGen      total 434688K, used 425422K [0x00000000d5580000, 0x00000000f2400000, 0x0000000100000000)
  eden space 404992K, 100% used [0x00000000d5580000,0x00000000ee100000,0x00000000ee100000)
  from space 29696K, 68% used [0x00000000f0700000,0x00000000f1af3b98,0x00000000f2400000)
  to   space 34304K, 0% used [0x00000000ee100000,0x00000000ee100000,0x00000000f0280000)
 ParOldGen       total 199168K, used 56613K [0x0000000080000000, 0x000000008c280000, 0x00000000d5580000)
  object space 199168K, 28% used [0x0000000080000000,0x0000000083749700,0x000000008c280000)
 Metaspace       used 117783K, capacity 124246K, committed 124544K, reserved 1157120K
  class space    used 15175K, capacity 16442K, committed 16512K, reserved 1048576K
Event: 1373.830 GC heap after
Heap after GC invocations=23 (full 4):
 PSYoungGen      total 439296K, used 34303K [0x00000000d5580000, 0x00000000f6800000, 0x0000000100000000)
  eden space 404992K, 0% used [0x00000000d5580000,0x00000000d5580000,0x00000000ee100000)
  from space 34304K, 99% used [0x00000000ee100000,0x00000000f027fd90,0x00000000f0280000)
  to   space 46080K, 0% used [0x00000000f3b00000,0x00000000f3b00000,0x00000000f6800000)
 ParOldGen       total 199168K, used 75424K [0x0000000080000000, 0x000000008c280000, 0x00000000d5580000)
  object space 199168K, 37% used [0x0000000080000000,0x00000000849a8330,0x000000008c280000)
 Metaspace       used 117783K, capacity 124246K, committed 124544K, reserved 1157120K
  class space    used 15175K, capacity 16442K, committed 16512K, reserved 1048576K
}
Event: 1386.534 GC heap before
{Heap before GC invocations=24 (full 4):
 PSYoungGen      total 439296K, used 439295K [0x00000000d5580000, 0x00000000f6800000, 0x0000000100000000)
  eden space 404992K, 100% used [0x00000000d5580000,0x00000000ee100000,0x00000000ee100000)
  from space 34304K, 99% used [0x00000000ee100000,0x00000000f027fd90,0x00000000f0280000)
  to   space 46080K, 0% used [0x00000000f3b00000,0x00000000f3b00000,0x00000000f6800000)
 ParOldGen       total 199168K, used 75424K [0x0000000080000000, 0x000000008c280000, 0x00000000d5580000)
  object space 199168K, 37% used [0x0000000080000000,0x00000000849a8330,0x000000008c280000)
 Metaspace       used 118128K, capacity 124564K, committed 124800K, reserved 1157120K
  class space    used 15204K, capacity 16449K, committed 16512K, reserved 1048576K
Event: 1386.933 GC heap after
Heap after GC invocations=24 (full 4):
 PSYoungGen      total 492032K, used 40051K [0x00000000d5580000, 0x00000000f8780000, 0x0000000100000000)
  eden space 445952K, 0% used [0x00000000d5580000,0x00000000d5580000,0x00000000f0900000)
  from space 46080K, 86% used [0x00000000f3b00000,0x00000000f621cf98,0x00000000f6800000)
  to   space 51200K, 0% used [0x00000000f0900000,0x00000000f0900000,0x00000000f3b00000)
 ParOldGen       total 199168K, used 75432K [0x0000000080000000, 0x000000008c280000, 0x00000000d5580000)
  object space 199168K, 37% used [0x0000000080000000,0x00000000849aa330,0x000000008c280000)
 Metaspace       used 118128K, capacity 124564K, committed 124800K, reserved 1157120K
  class space    used 15204K, capacity 16449K, committed 16512K, reserved 1048576K
}

