# JRE version: Java(TM) SE Runtime Environment (15.0.1+9) (build 15.0.1+9-18)
# Java VM: Java HotSpot(TM) 64-Bit Server VM (15.0.1+9-18, mixed mode, sharing, tiered, compressed oops, g1 gc, windows-amd64)
GC Precious Log:
 CPUs: 2 total, 2 available
 Memory: 7369M
 Large Page Support: Disabled
 NUMA Support: Disabled
 Compressed Oops: Enabled (32-bit)
 Heap Region Size: 1M
 Heap Min Capacity: 8M
 Heap Initial Capacity: 116M
 Heap Max Capacity: 2G
 Pre-touch: Disabled
 Parallel Workers: 2
 Concurrent Workers: 1
 Concurrent Refinement Workers: 2
 Periodic GC: Disabled
Heap:
 garbage-first heap   total 86016K, used 62124K [0x0000000080000000, 0x0000000100000000)
  region size 1024K, 17 young (17408K), 3 survivors (3072K)
 Metaspace       used 59255K, capacity 60196K, committed 60416K, reserved 1101824K
  class space    used 7826K, capacity 8122K, committed 8192K, reserved 1048576K
GC Heap History (20 events):
Event: 21.556 GC heap before
{Heap before GC invocations=9 (full 0):
 garbage-first heap   total 78848K, used 58011K [0x0000000080000000, 0x0000000100000000)
  region size 1024K, 35 young (35840K), 2 survivors (2048K)
 Metaspace       used 35085K, capacity 35766K, committed 35840K, reserved 1081344K
  class space    used 4643K, capacity 4850K, committed 4864K, reserved 1048576K
}
Event: 21.572 GC heap after
{Heap after GC invocations=10 (full 0):
 garbage-first heap   total 78848K, used 26514K [0x0000000080000000, 0x0000000100000000)
  region size 1024K, 5 young (5120K), 5 survivors (5120K)
 Metaspace       used 35085K, capacity 35766K, committed 35840K, reserved 1081344K
  class space    used 4643K, capacity 4850K, committed 4864K, reserved 1048576K
}
Event: 21.689 GC heap before
{Heap before GC invocations=10 (full 0):
 garbage-first heap   total 78848K, used 30610K [0x0000000080000000, 0x0000000100000000)
  region size 1024K, 10 young (10240K), 5 survivors (5120K)
 Metaspace       used 35137K, capacity 35766K, committed 35840K, reserved 1081344K
  class space    used 4648K, capacity 4850K, committed 4864K, reserved 1048576K
}
Event: 21.705 GC heap after
{Heap after GC invocations=11 (full 0):
 garbage-first heap   total 78848K, used 26967K [0x0000000080000000, 0x0000000100000000)
  region size 1024K, 3 young (3072K), 3 survivors (3072K)
 Metaspace       used 35137K, capacity 35766K, committed 35840K, reserved 1081344K
  class space    used 4648K, capacity 4850K, committed 4864K, reserved 1048576K
}
Event: 24.452 GC heap before
{Heap before GC invocations=12 (full 0):
 garbage-first heap   total 78848K, used 61783K [0x0000000080000000, 0x0000000100000000)
  region size 1024K, 35 young (35840K), 3 survivors (3072K)
 Metaspace       used 38404K, capacity 39258K, committed 39424K, reserved 1083392K
  class space    used 5104K, capacity 5333K, committed 5376K, reserved 1048576K
}
Event: 24.472 GC heap after
{Heap after GC invocations=13 (full 0):
 garbage-first heap   total 78848K, used 36180K [0x0000000080000000, 0x0000000100000000)
  region size 1024K, 5 young (5120K), 5 survivors (5120K)
 Metaspace       used 38404K, capacity 39258K, committed 39424K, reserved 1083392K
  class space    used 5104K, capacity 5333K, committed 5376K, reserved 1048576K
}
Event: 26.745 GC heap before
{Heap before GC invocations=13 (full 0):
 garbage-first heap   total 78848K, used 61780K [0x0000000080000000, 0x0000000100000000)
  region size 1024K, 30 young (30720K), 5 survivors (5120K)
 Metaspace       used 43790K, capacity 44644K, committed 44928K, reserved 1087488K
  class space    used 5703K, capacity 5951K, committed 6016K, reserved 1048576K
}
Event: 26.763 GC heap after
{Heap after GC invocations=14 (full 0):
 garbage-first heap   total 78848K, used 38304K [0x0000000080000000, 0x0000000100000000)
  region size 1024K, 2 young (2048K), 2 survivors (2048K)
 Metaspace       used 43790K, capacity 44644K, committed 44928K, reserved 1087488K
  class space    used 5703K, capacity 5951K, committed 6016K, reserved 1048576K
}
Event: 29.475 GC heap before
{Heap before GC invocations=14 (full 0):
 garbage-first heap   total 78848K, used 60832K [0x0000000080000000, 0x0000000100000000)
  region size 1024K, 25 young (25600K), 2 survivors (2048K)
 Metaspace       used 46292K, capacity 47162K, committed 47232K, reserved 1089536K
  class space    used 5991K, capacity 6251K, committed 6272K, reserved 1048576K
}
Event: 29.491 GC heap after
{Heap after GC invocations=15 (full 0):
 garbage-first heap   total 78848K, used 40898K [0x0000000080000000, 0x0000000100000000)
  region size 1024K, 4 young (4096K), 4 survivors (4096K)
 Metaspace       used 46292K, capacity 47162K, committed 47232K, reserved 1089536K
  class space    used 5991K, capacity 6251K, committed 6272K, reserved 1048576K
}
Event: 30.623 GC heap before
{Heap before GC invocations=16 (full 0):
 garbage-first heap   total 78848K, used 54210K [0x0000000080000000, 0x0000000100000000)
  region size 1024K, 19 young (19456K), 4 survivors (4096K)
 Metaspace       used 47907K, capacity 48768K, committed 49024K, reserved 1091584K
  class space    used 6188K, capacity 6444K, committed 6528K, reserved 1048576K
}
Event: 30.639 GC heap after
{Heap after GC invocations=17 (full 0):
 garbage-first heap   total 78848K, used 42462K [0x0000000080000000, 0x0000000100000000)
  region size 1024K, 2 young (2048K), 2 survivors (2048K)
 Metaspace       used 47907K, capacity 48768K, committed 49024K, reserved 1091584K
  class space    used 6188K, capacity 6444K, committed 6528K, reserved 1048576K
}
Event: 33.327 GC heap before
{Heap before GC invocations=18 (full 0):
 garbage-first heap   total 78848K, used 63966K [0x0000000080000000, 0x0000000100000000)
  region size 1024K, 22 young (22528K), 2 survivors (2048K)
 Metaspace       used 50925K, capacity 51777K, committed 51840K, reserved 1093632K
  class space    used 6515K, capacity 6780K, committed 6784K, reserved 1048576K
}
Event: 33.342 GC heap after
{Heap after GC invocations=19 (full 0):
 garbage-first heap   total 78848K, used 44149K [0x0000000080000000, 0x0000000100000000)
  region size 1024K, 3 young (3072K), 3 survivors (3072K)
 Metaspace       used 50925K, capacity 51777K, committed 51840K, reserved 1093632K
  class space    used 6515K, capacity 6780K, committed 6784K, reserved 1048576K
}
Event: 34.545 GC heap before
{Heap before GC invocations=19 (full 0):
 garbage-first heap   total 78848K, used 63605K [0x0000000080000000, 0x0000000100000000)
  region size 1024K, 22 young (22528K), 3 survivors (3072K)
 Metaspace       used 52530K, capacity 53464K, committed 53632K, reserved 1095680K
  class space    used 6711K, capacity 6980K, committed 7040K, reserved 1048576K
}
Event: 34.564 GC heap after
{Heap after GC invocations=20 (full 0):
 garbage-first heap   total 78848K, used 46467K [0x0000000080000000, 0x0000000100000000)
  region size 1024K, 3 young (3072K), 3 survivors (3072K)
 Metaspace       used 52530K, capacity 53464K, committed 53632K, reserved 1095680K
  class space    used 6711K, capacity 6980K, committed 7040K, reserved 1048576K
}
Event: 35.886 GC heap before
{Heap before GC invocations=21 (full 0):
 garbage-first heap   total 81920K, used 62851K [0x0000000080000000, 0x0000000100000000)
  region size 1024K, 20 young (20480K), 3 survivors (3072K)
 Metaspace       used 55374K, capacity 56330K, committed 56448K, reserved 1097728K
  class space    used 7236K, capacity 7528K, committed 7552K, reserved 1048576K
}
Event: 35.899 GC heap after
{Heap after GC invocations=22 (full 0):
 garbage-first heap   total 81920K, used 47820K [0x0000000080000000, 0x0000000100000000)
  region size 1024K, 2 young (2048K), 2 survivors (2048K)
 Metaspace       used 55374K, capacity 56330K, committed 56448K, reserved 1097728K
  class space    used 7236K, capacity 7528K, committed 7552K, reserved 1048576K
}
Event: 37.445 GC heap before
{Heap before GC invocations=22 (full 0):
 garbage-first heap   total 81920K, used 67276K [0x0000000080000000, 0x0000000100000000)
  region size 1024K, 21 young (21504K), 2 survivors (2048K)
 Metaspace       used 57456K, capacity 58412K, committed 58624K, reserved 1099776K
  class space    used 7513K, capacity 7828K, committed 7936K, reserved 1048576K
}
Event: 37.458 GC heap after
{Heap after GC invocations=23 (full 0):
 garbage-first heap   total 81920K, used 48812K [0x0000000080000000, 0x0000000100000000)
  region size 1024K, 3 young (3072K), 3 survivors (3072K)
 Metaspace       used 57456K, capacity 58412K, committed 58624K, reserved 1099776K
  class space    used 7513K, capacity 7828K, committed 7936K, reserved 1048576K
}

