# JRE version: Java(TM) SE Runtime Environment (15.0.1+9) (build 15.0.1+9-18)
# Java VM: Java HotSpot(TM) 64-Bit Server VM (15.0.1+9-18, mixed mode, sharing, tiered, compressed oops, g1 gc, windows-amd64)
GC Precious Log:
 CPUs: 2 total, 2 available
 Memory: 7369M
 Large Page Support: Disabled
 NUMA Support: Disabled
 Compressed Oops: Enabled (32-bit)
 Heap Region Size: 1M
 Heap Min Capacity: 8M
 Heap Initial Capacity: 116M
 Heap Max Capacity: 2G
 Pre-touch: Disabled
 Parallel Workers: 2
 Concurrent Workers: 1
 Concurrent Refinement Workers: 2
 Periodic GC: Disabled
Heap:
 garbage-first heap   total 539648K, used 217600K [0x0000000080000000, 0x0000000100000000)
  region size 1024K, 10 young (10240K), 10 survivors (10240K)
 Metaspace       used 118740K, capacity 120242K, committed 120444K, reserved 1155072K
  class space    used 14638K, capacity 15073K, committed 15228K, reserved 1048576K
GC Heap History (20 events):
Event: 85.992 GC heap after
{Heap after GC invocations=64 (full 0):
 garbage-first heap   total 301056K, used 231936K [0x0000000080000000, 0x0000000100000000)
  region size 1024K, 3 young (3072K), 3 survivors (3072K)
 Metaspace       used 102655K, capacity 104083K, committed 104316K, reserved 1140736K
  class space    used 12684K, capacity 13104K, committed 13180K, reserved 1048576K
}
Event: 87.386 GC heap before
{Heap before GC invocations=65 (full 0):
 garbage-first heap   total 329728K, used 206336K [0x0000000080000000, 0x0000000100000000)
  region size 1024K, 14 young (14336K), 3 survivors (3072K)
 Metaspace       used 103527K, capacity 104921K, committed 105212K, reserved 1140736K
  class space    used 12815K, capacity 13234K, committed 13308K, reserved 1048576K
}
Event: 87.415 GC heap after
{Heap after GC invocations=66 (full 0):
 garbage-first heap   total 396288K, used 197590K [0x0000000080000000, 0x0000000100000000)
  region size 1024K, 2 young (2048K), 2 survivors (2048K)
 Metaspace       used 103527K, capacity 104921K, committed 105212K, reserved 1140736K
  class space    used 12815K, capacity 13234K, committed 13308K, reserved 1048576K
}
Event: 90.153 GC heap before
{Heap before GC invocations=66 (full 0):
 garbage-first heap   total 396288K, used 214998K [0x0000000080000000, 0x0000000100000000)
  region size 1024K, 19 young (19456K), 2 survivors (2048K)
 Metaspace       used 104485K, capacity 105913K, committed 105980K, reserved 1142784K
  class space    used 12854K, capacity 13266K, committed 13308K, reserved 1048576K
}
Event: 90.326 GC heap after
{Heap after GC invocations=67 (full 0):
 garbage-first heap   total 396288K, used 178107K [0x0000000080000000, 0x0000000100000000)
  region size 1024K, 2 young (2048K), 2 survivors (2048K)
 Metaspace       used 104485K, capacity 105913K, committed 105980K, reserved 1142784K
  class space    used 12854K, capacity 13266K, committed 13308K, reserved 1048576K
}
Event: 95.327 GC heap before
{Heap before GC invocations=67 (full 0):
 garbage-first heap   total 396288K, used 223163K [0x0000000080000000, 0x0000000100000000)
  region size 1024K, 48 young (49152K), 2 survivors (2048K)
 Metaspace       used 105164K, capacity 106499K, committed 106876K, reserved 1142784K
  class space    used 12928K, capacity 13305K, committed 13436K, reserved 1048576K
}
Event: 95.374 GC heap after
{Heap after GC invocations=68 (full 0):
 garbage-first heap   total 396288K, used 183075K [0x0000000080000000, 0x0000000100000000)
  region size 1024K, 7 young (7168K), 7 survivors (7168K)
 Metaspace       used 105164K, capacity 106499K, committed 106876K, reserved 1142784K
  class space    used 12928K, capacity 13305K, committed 13436K, reserved 1048576K
}
Event: 100.999 GC heap before
{Heap before GC invocations=69 (full 0):
 garbage-first heap   total 372736K, used 185123K [0x0000000080000000, 0x0000000100000000)
  region size 1024K, 78 young (79872K), 7 survivors (7168K)
 Metaspace       used 106813K, capacity 108157K, committed 108284K, reserved 1144832K
  class space    used 13144K, capacity 13544K, committed 13564K, reserved 1048576K
}
Event: 101.051 GC heap after
{Heap after GC invocations=70 (full 0):
 garbage-first heap   total 372736K, used 110888K [0x0000000080000000, 0x0000000100000000)
  region size 1024K, 10 young (10240K), 10 survivors (10240K)
 Metaspace       used 106813K, capacity 108157K, committed 108284K, reserved 1144832K
  class space    used 13144K, capacity 13544K, committed 13564K, reserved 1048576K
}
Event: 111.047 GC heap before
{Heap before GC invocations=70 (full 0):
 garbage-first heap   total 372736K, used 222504K [0x0000000080000000, 0x0000000100000000)
  region size 1024K, 118 young (120832K), 10 survivors (10240K)
 Metaspace       used 115741K, capacity 117241K, committed 117500K, reserved 1153024K
  class space    used 14329K, capacity 14778K, committed 14844K, reserved 1048576K
}
Event: 111.113 GC heap after
{Heap after GC invocations=71 (full 0):
 garbage-first heap   total 372736K, used 116428K [0x0000000080000000, 0x0000000100000000)
  region size 1024K, 11 young (11264K), 11 survivors (11264K)
 Metaspace       used 115741K, capacity 117241K, committed 117500K, reserved 1153024K
  class space    used 14329K, capacity 14778K, committed 14844K, reserved 1048576K
}
Event: 123.478 GC heap before
{Heap before GC invocations=71 (full 0):
 garbage-first heap   total 372736K, used 253644K [0x0000000080000000, 0x0000000100000000)
  region size 1024K, 145 young (148480K), 11 survivors (11264K)
 Metaspace       used 118001K, capacity 119497K, committed 119804K, reserved 1155072K
  class space    used 14542K, capacity 14975K, committed 15100K, reserved 1048576K
}
Event: 123.497 GC heap after
{Heap after GC invocations=72 (full 0):
 garbage-first heap   total 372736K, used 109207K [0x0000000080000000, 0x0000000100000000)
  region size 1024K, 4 young (4096K), 4 survivors (4096K)
 Metaspace       used 118001K, capacity 119497K, committed 119804K, reserved 1155072K
  class space    used 14542K, capacity 14975K, committed 15100K, reserved 1048576K
}
Event: 126.862 GC heap before
{Heap before GC invocations=72 (full 0):
 garbage-first heap   total 372736K, used 273047K [0x0000000080000000, 0x0000000100000000)
  region size 1024K, 163 young (166912K), 4 survivors (4096K)
 Metaspace       used 118636K, capacity 120114K, committed 120444K, reserved 1155072K
  class space    used 14634K, capacity 15073K, committed 15228K, reserved 1048576K
}
Event: 126.895 GC heap after
{Heap after GC invocations=73 (full 0):
 garbage-first heap   total 372736K, used 149209K [0x0000000080000000, 0x0000000100000000)
  region size 1024K, 21 young (21504K), 21 survivors (21504K)
 Metaspace       used 118636K, capacity 120114K, committed 120444K, reserved 1155072K
  class space    used 14634K, capacity 15073K, committed 15228K, reserved 1048576K
}
Event: 131.964 GC heap before
{Heap before GC invocations=73 (full 0):
 garbage-first heap   total 372736K, used 267993K [0x0000000080000000, 0x0000000100000000)
  region size 1024K, 136 young (139264K), 21 survivors (21504K)
 Metaspace       used 118691K, capacity 120178K, committed 120444K, reserved 1155072K
  class space    used 14635K, capacity 15073K, committed 15228K, reserved 1048576K
}
Event: 132.184 GC heap after
{Heap after GC invocations=74 (full 0):
 garbage-first heap   total 372736K, used 178688K [0x0000000080000000, 0x0000000100000000)
  region size 1024K, 17 young (17408K), 17 survivors (17408K)
 Metaspace       used 118691K, capacity 120178K, committed 120444K, reserved 1155072K
  class space    used 14635K, capacity 15073K, committed 15228K, reserved 1048576K
}
Event: 135.533 GC heap before
{Heap before GC invocations=74 (full 0):
 garbage-first heap   total 372736K, used 278016K [0x0000000080000000, 0x0000000100000000)
  region size 1024K, 112 young (114688K), 17 survivors (17408K)
 Metaspace       used 118694K, capacity 120178K, committed 120444K, reserved 1155072K
  class space    used 14635K, capacity 15073K, committed 15228K, reserved 1048576K
}
Event: 135.764 GC heap after
{Heap after GC invocations=75 (full 0):
 garbage-first heap   total 372736K, used 205312K [0x0000000080000000, 0x0000000100000000)
  region size 1024K, 14 young (14336K), 14 survivors (14336K)
 Metaspace       used 118694K, capacity 120178K, committed 120444K, reserved 1155072K
  class space    used 14635K, capacity 15073K, committed 15228K, reserved 1048576K
}
Event: 137.243 GC heap before
{Heap before GC invocations=75 (full 0):
 garbage-first heap   total 372736K, used 248320K [0x0000000080000000, 0x0000000100000000)
  region size 1024K, 58 young (59392K), 14 survivors (14336K)
 Metaspace       used 118740K, capacity 120242K, committed 120444K, reserved 1155072K
  class space    used 14638K, capacity 15073K, committed 15228K, reserved 1048576K
}

