# JRE version: Java(TM) SE Runtime Environment (15.0.1+9) (build 15.0.1+9-18)
# Java VM: Java HotSpot(TM) 64-Bit Server VM (15.0.1+9-18, mixed mode, sharing, tiered, compressed oops, g1 gc, windows-amd64)
GC Precious Log:
 CPUs: 2 total, 2 available
 Memory: 7369M
 Large Page Support: Disabled
 NUMA Support: Disabled
 Compressed Oops: Enabled (32-bit)
 Heap Region Size: 1M
 Heap Min Capacity: 8M
 Heap Initial Capacity: 116M
 Heap Max Capacity: 2G
 Pre-touch: Disabled
 Parallel Workers: 2
 Concurrent Workers: 1
 Concurrent Refinement Workers: 2
 Periodic GC: Disabled
Heap:
 garbage-first heap   total 618496K, used 239104K [0x0000000080000000, 0x0000000100000000)
  region size 1024K, 5 young (5120K), 5 survivors (5120K)
 Metaspace       used 111022K, capacity 112269K, committed 112512K, reserved 1146880K
  class space    used 13987K, capacity 14366K, committed 14464K, reserved 1048576K
GC Heap History (20 events):
Event: 87.710 GC heap after
{Heap after GC invocations=56 (full 0):
 garbage-first heap   total 237568K, used 177664K [0x0000000080000000, 0x0000000100000000)
  region size 1024K, 4 young (4096K), 4 survivors (4096K)
 Metaspace       used 99218K, capacity 100562K, committed 100736K, reserved 1136640K
  class space    used 12429K, capacity 12828K, committed 12928K, reserved 1048576K
}
Event: 88.912 GC heap before
{Heap before GC invocations=57 (full 0):
 garbage-first heap   total 312320K, used 188928K [0x0000000080000000, 0x0000000100000000)
  region size 1024K, 15 young (15360K), 4 survivors (4096K)
 Metaspace       used 99245K, capacity 100562K, committed 100736K, reserved 1136640K
  class space    used 12429K, capacity 12828K, committed 12928K, reserved 1048576K
}
Event: 89.021 GC heap after
{Heap after GC invocations=58 (full 0):
 garbage-first heap   total 374784K, used 185856K [0x0000000080000000, 0x0000000100000000)
  region size 1024K, 2 young (2048K), 2 survivors (2048K)
 Metaspace       used 99245K, capacity 100562K, committed 100736K, reserved 1136640K
  class space    used 12429K, capacity 12828K, committed 12928K, reserved 1048576K
}
Event: 89.879 GC heap before
{Heap before GC invocations=58 (full 0):
 garbage-first heap   total 374784K, used 232960K [0x0000000080000000, 0x0000000100000000)
  region size 1024K, 48 young (49152K), 2 survivors (2048K)
 Metaspace       used 99324K, capacity 100694K, committed 100992K, reserved 1136640K
  class space    used 12429K, capacity 12828K, committed 12928K, reserved 1048576K
}
Event: 89.999 GC heap after
{Heap after GC invocations=59 (full 0):
 garbage-first heap   total 374784K, used 226816K [0x0000000080000000, 0x0000000100000000)
  region size 1024K, 6 young (6144K), 6 survivors (6144K)
 Metaspace       used 99324K, capacity 100694K, committed 100992K, reserved 1136640K
  class space    used 12429K, capacity 12828K, committed 12928K, reserved 1048576K
}
Event: 95.158 GC heap before
{Heap before GC invocations=60 (full 0):
 garbage-first heap   total 374784K, used 225792K [0x0000000080000000, 0x0000000100000000)
  region size 1024K, 37 young (37888K), 6 survivors (6144K)
 Metaspace       used 101222K, capacity 102524K, committed 102656K, reserved 1138688K
  class space    used 12601K, capacity 12990K, committed 13056K, reserved 1048576K
}
Event: 95.222 GC heap after
{Heap after GC invocations=61 (full 0):
 garbage-first heap   total 374784K, used 199168K [0x0000000080000000, 0x0000000100000000)
  region size 1024K, 5 young (5120K), 5 survivors (5120K)
 Metaspace       used 101222K, capacity 102524K, committed 102656K, reserved 1138688K
  class space    used 12601K, capacity 12990K, committed 13056K, reserved 1048576K
}
Event: 97.242 GC heap before
{Heap before GC invocations=61 (full 0):
 garbage-first heap   total 374784K, used 212480K [0x0000000080000000, 0x0000000100000000)
  region size 1024K, 18 young (18432K), 5 survivors (5120K)
 Metaspace       used 101364K, capacity 102684K, committed 102912K, reserved 1138688K
  class space    used 12609K, capacity 13022K, committed 13056K, reserved 1048576K
}
Event: 97.395 GC heap after
{Heap after GC invocations=62 (full 0):
 garbage-first heap   total 374784K, used 177610K [0x0000000080000000, 0x0000000100000000)
  region size 1024K, 1 young (1024K), 1 survivors (1024K)
 Metaspace       used 101364K, capacity 102684K, committed 102912K, reserved 1138688K
  class space    used 12609K, capacity 13022K, committed 13056K, reserved 1048576K
}
Event: 103.374 GC heap before
{Heap before GC invocations=62 (full 0):
 garbage-first heap   total 374784K, used 234954K [0x0000000080000000, 0x0000000100000000)
  region size 1024K, 58 young (59392K), 1 survivors (1024K)
 Metaspace       used 102107K, capacity 103363K, committed 103552K, reserved 1140736K
  class space    used 12705K, capacity 13093K, committed 13184K, reserved 1048576K
}
Event: 103.426 GC heap after
{Heap after GC invocations=63 (full 0):
 garbage-first heap   total 458752K, used 183425K [0x0000000080000000, 0x0000000100000000)
  region size 1024K, 7 young (7168K), 7 survivors (7168K)
 Metaspace       used 102107K, capacity 103363K, committed 103552K, reserved 1140736K
  class space    used 12705K, capacity 13093K, committed 13184K, reserved 1048576K
}
Event: 106.727 GC heap before
{Heap before GC invocations=64 (full 0):
 garbage-first heap   total 406528K, used 220289K [0x0000000080000000, 0x0000000100000000)
  region size 1024K, 66 young (67584K), 7 survivors (7168K)
 Metaspace       used 105599K, capacity 106863K, committed 107136K, reserved 1142784K
  class space    used 13191K, capacity 13588K, committed 13696K, reserved 1048576K
}
Event: 106.873 GC heap after
{Heap after GC invocations=65 (full 0):
 garbage-first heap   total 406528K, used 163763K [0x0000000080000000, 0x0000000100000000)
  region size 1024K, 9 young (9216K), 9 survivors (9216K)
 Metaspace       used 105599K, capacity 106863K, committed 107136K, reserved 1142784K
  class space    used 13191K, capacity 13588K, committed 13696K, reserved 1048576K
}
Event: 108.726 GC heap before
{Heap before GC invocations=65 (full 0):
 garbage-first heap   total 406528K, used 206771K [0x0000000080000000, 0x0000000100000000)
  region size 1024K, 51 young (52224K), 9 survivors (9216K)
 Metaspace       used 109597K, capacity 110948K, committed 111104K, reserved 1146880K
  class space    used 13874K, capacity 14267K, committed 14336K, reserved 1048576K
}
Event: 108.921 GC heap after
{Heap after GC invocations=66 (full 0):
 garbage-first heap   total 406528K, used 177664K [0x0000000080000000, 0x0000000100000000)
  region size 1024K, 7 young (7168K), 7 survivors (7168K)
 Metaspace       used 109597K, capacity 110948K, committed 111104K, reserved 1146880K
  class space    used 13874K, capacity 14267K, committed 14336K, reserved 1048576K
}
Event: 110.849 GC heap before
{Heap before GC invocations=66 (full 0):
 garbage-first heap   total 406528K, used 219648K [0x0000000080000000, 0x0000000100000000)
  region size 1024K, 49 young (50176K), 7 survivors (7168K)
 Metaspace       used 110532K, capacity 111818K, committed 112000K, reserved 1146880K
  class space    used 13967K, capacity 14365K, committed 14464K, reserved 1048576K
}
Event: 111.092 GC heap after
{Heap after GC invocations=67 (full 0):
 garbage-first heap   total 406528K, used 202752K [0x0000000080000000, 0x0000000100000000)
  region size 1024K, 7 young (7168K), 7 survivors (7168K)
 Metaspace       used 110532K, capacity 111818K, committed 112000K, reserved 1146880K
  class space    used 13967K, capacity 14365K, committed 14464K, reserved 1048576K
}
Event: 112.457 GC heap before
{Heap before GC invocations=67 (full 0):
 garbage-first heap   total 406528K, used 236544K [0x0000000080000000, 0x0000000100000000)
  region size 1024K, 41 young (41984K), 7 survivors (7168K)
 Metaspace       used 110795K, capacity 112077K, committed 112256K, reserved 1146880K
  class space    used 13981K, capacity 14366K, committed 14464K, reserved 1048576K
}
Event: 112.686 GC heap after
{Heap after GC invocations=68 (full 0):
 garbage-first heap   total 406528K, used 223744K [0x0000000080000000, 0x0000000100000000)
  region size 1024K, 6 young (6144K), 6 survivors (6144K)
 Metaspace       used 110795K, capacity 112077K, committed 112256K, reserved 1146880K
  class space    used 13981K, capacity 14366K, committed 14464K, reserved 1048576K
}
Event: 115.597 GC heap before
{Heap before GC invocations=69 (full 0):
 garbage-first heap   total 406528K, used 251392K [0x0000000080000000, 0x0000000100000000)
  region size 1024K, 37 young (37888K), 6 survivors (6144K)
 Metaspace       used 111022K, capacity 112269K, committed 112512K, reserved 1146880K
  class space    used 13987K, capacity 14366K, committed 14464K, reserved 1048576K
}

