# JRE version: OpenJDK Runtime Environment (8.0_242-b01) (build 1.8.0_242-release-1644-b01)
# Java VM: OpenJDK 64-Bit Server VM (25.242-b01 mixed mode windows-amd64 compressed oops)
Heap:
 PSYoungGen      total 454144K, used 451336K [0x00000000d5580000, 0x00000000f6300000, 0x0000000100000000)
  eden space 424960K, 100% used [0x00000000d5580000,0x00000000ef480000,0x00000000ef480000)
  from space 29184K, 90% used [0x00000000ef480000,0x00000000f0e42390,0x00000000f1100000)
  to   space 32256K, 14% used [0x00000000f4380000,0x00000000f4814688,0x00000000f6300000)
 ParOldGen       total 211456K, used 100967K [0x0000000080000000, 0x000000008ce80000, 0x00000000d5580000)
  object space 211456K, 47% used [0x0000000080000000,0x0000000086299c80,0x000000008ce80000)
 Metaspace       used 76162K, capacity 80389K, committed 80600K, reserved 1118208K
  class space    used 10348K, capacity 11174K, committed 11264K, reserved 1048576K
GC Heap History (10 events):
Event: 169.406 GC heap after
Heap after GC invocations=35 (full 4):
 PSYoungGen      total 366080K, used 11608K [0x00000000d5580000, 0x00000000f0780000, 0x0000000100000000)
  eden space 334848K, 0% used [0x00000000d5580000,0x00000000d5580000,0x00000000e9c80000)
  from space 31232K, 37% used [0x00000000e9c80000,0x00000000ea7d6178,0x00000000ebb00000)
  to   space 29696K, 0% used [0x00000000eea80000,0x00000000eea80000,0x00000000f0780000)
 ParOldGen       total 211456K, used 96409K [0x0000000080000000, 0x000000008ce80000, 0x00000000d5580000)
  object space 211456K, 45% used [0x0000000080000000,0x0000000085e26558,0x000000008ce80000)
 Metaspace       used 75977K, capacity 80181K, committed 80600K, reserved 1118208K
  class space    used 10336K, capacity 11136K, committed 11264K, reserved 1048576K
}
Event: 182.750 GC heap before
{Heap before GC invocations=36 (full 4):
 PSYoungGen      total 366080K, used 346456K [0x00000000d5580000, 0x00000000f0780000, 0x0000000100000000)
  eden space 334848K, 100% used [0x00000000d5580000,0x00000000e9c80000,0x00000000e9c80000)
  from space 31232K, 37% used [0x00000000e9c80000,0x00000000ea7d6178,0x00000000ebb00000)
  to   space 29696K, 0% used [0x00000000eea80000,0x00000000eea80000,0x00000000f0780000)
 ParOldGen       total 211456K, used 96409K [0x0000000080000000, 0x000000008ce80000, 0x00000000d5580000)
  object space 211456K, 45% used [0x0000000080000000,0x0000000085e26558,0x000000008ce80000)
 Metaspace       used 76008K, capacity 80185K, committed 80600K, reserved 1118208K
  class space    used 10340K, capacity 11136K, committed 11264K, reserved 1048576K
Event: 182.906 GC heap after
Heap after GC invocations=36 (full 4):
 PSYoungGen      total 407552K, used 5190K [0x00000000d5580000, 0x00000000f0380000, 0x0000000100000000)
  eden space 381952K, 0% used [0x00000000d5580000,0x00000000d5580000,0x00000000eca80000)
  from space 25600K, 20% used [0x00000000eea80000,0x00000000eef91878,0x00000000f0380000)
  to   space 29184K, 0% used [0x00000000eca80000,0x00000000eca80000,0x00000000ee700000)
 ParOldGen       total 211456K, used 100951K [0x0000000080000000, 0x000000008ce80000, 0x00000000d5580000)
  object space 211456K, 47% used [0x0000000080000000,0x0000000086295c80,0x000000008ce80000)
 Metaspace       used 76008K, capacity 80185K, committed 80600K, reserved 1118208K
  class space    used 10340K, capacity 11136K, committed 11264K, reserved 1048576K
}
Event: 195.035 GC heap before
{Heap before GC invocations=37 (full 4):
 PSYoungGen      total 407552K, used 387142K [0x00000000d5580000, 0x00000000f0380000, 0x0000000100000000)
  eden space 381952K, 100% used [0x00000000d5580000,0x00000000eca80000,0x00000000eca80000)
  from space 25600K, 20% used [0x00000000eea80000,0x00000000eef91878,0x00000000f0380000)
  to   space 29184K, 0% used [0x00000000eca80000,0x00000000eca80000,0x00000000ee700000)
 ParOldGen       total 211456K, used 100951K [0x0000000080000000, 0x000000008ce80000, 0x00000000d5580000)
  object space 211456K, 47% used [0x0000000080000000,0x0000000086295c80,0x000000008ce80000)
 Metaspace       used 76032K, capacity 80195K, committed 80600K, reserved 1118208K
  class space    used 10341K, capacity 11137K, committed 11264K, reserved 1048576K
Event: 195.235 GC heap after
Heap after GC invocations=37 (full 4):
 PSYoungGen      total 411136K, used 14428K [0x00000000d5580000, 0x00000000f2c80000, 0x0000000100000000)
  eden space 381952K, 0% used [0x00000000d5580000,0x00000000d5580000,0x00000000eca80000)
  from space 29184K, 49% used [0x00000000eca80000,0x00000000ed8970b0,0x00000000ee700000)
  to   space 28160K, 0% used [0x00000000f1100000,0x00000000f1100000,0x00000000f2c80000)
 ParOldGen       total 211456K, used 100959K [0x0000000080000000, 0x000000008ce80000, 0x00000000d5580000)
  object space 211456K, 47% used [0x0000000080000000,0x0000000086297c80,0x000000008ce80000)
 Metaspace       used 76032K, capacity 80195K, committed 80600K, reserved 1118208K
  class space    used 10341K, capacity 11137K, committed 11264K, reserved 1048576K
}
Event: 208.861 GC heap before
{Heap before GC invocations=38 (full 4):
 PSYoungGen      total 411136K, used 396380K [0x00000000d5580000, 0x00000000f2c80000, 0x0000000100000000)
  eden space 381952K, 100% used [0x00000000d5580000,0x00000000eca80000,0x00000000eca80000)
  from space 29184K, 49% used [0x00000000eca80000,0x00000000ed8970b0,0x00000000ee700000)
  to   space 28160K, 0% used [0x00000000f1100000,0x00000000f1100000,0x00000000f2c80000)
 ParOldGen       total 211456K, used 100959K [0x0000000080000000, 0x000000008ce80000, 0x00000000d5580000)
  object space 211456K, 47% used [0x0000000080000000,0x0000000086297c80,0x000000008ce80000)
 Metaspace       used 76104K, capacity 80281K, committed 80600K, reserved 1118208K
  class space    used 10344K, capacity 11140K, committed 11264K, reserved 1048576K
Event: 209.157 GC heap after
Heap after GC invocations=38 (full 4):
 PSYoungGen      total 453120K, used 18282K [0x00000000d5580000, 0x00000000f2f00000, 0x0000000100000000)
  eden space 424960K, 0% used [0x00000000d5580000,0x00000000d5580000,0x00000000ef480000)
  from space 28160K, 64% used [0x00000000f1100000,0x00000000f22da868,0x00000000f2c80000)
  to   space 29184K, 0% used [0x00000000ef480000,0x00000000ef480000,0x00000000f1100000)
 ParOldGen       total 211456K, used 100967K [0x0000000080000000, 0x000000008ce80000, 0x00000000d5580000)
  object space 211456K, 47% used [0x0000000080000000,0x0000000086299c80,0x000000008ce80000)
 Metaspace       used 76104K, capacity 80281K, committed 80600K, reserved 1118208K
  class space    used 10344K, capacity 11140K, committed 11264K, reserved 1048576K
}
Event: 223.737 GC heap before
{Heap before GC invocations=39 (full 4):
 PSYoungGen      total 453120K, used 443242K [0x00000000d5580000, 0x00000000f2f00000, 0x0000000100000000)
  eden space 424960K, 100% used [0x00000000d5580000,0x00000000ef480000,0x00000000ef480000)
  from space 28160K, 64% used [0x00000000f1100000,0x00000000f22da868,0x00000000f2c80000)
  to   space 29184K, 0% used [0x00000000ef480000,0x00000000ef480000,0x00000000f1100000)
 ParOldGen       total 211456K, used 100967K [0x0000000080000000, 0x000000008ce80000, 0x00000000d5580000)
  object space 211456K, 47% used [0x0000000080000000,0x0000000086299c80,0x000000008ce80000)
 Metaspace       used 76138K, capacity 80325K, committed 80600K, reserved 1118208K
  class space    used 10347K, capacity 11174K, committed 11264K, reserved 1048576K
Event: 223.977 GC heap after
Heap after GC invocations=39 (full 4):
 PSYoungGen      total 454144K, used 26376K [0x00000000d5580000, 0x00000000f6300000, 0x0000000100000000)
  eden space 424960K, 0% used [0x00000000d5580000,0x00000000d5580000,0x00000000ef480000)
  from space 29184K, 90% used [0x00000000ef480000,0x00000000f0e42390,0x00000000f1100000)
  to   space 32256K, 0% used [0x00000000f4380000,0x00000000f4380000,0x00000000f6300000)
 ParOldGen       total 211456K, used 100967K [0x0000000080000000, 0x000000008ce80000, 0x00000000d5580000)
  object space 211456K, 47% used [0x0000000080000000,0x0000000086299c80,0x000000008ce80000)
 Metaspace       used 76138K, capacity 80325K, committed 80600K, reserved 1118208K
  class space    used 10347K, capacity 11174K, committed 11264K, reserved 1048576K
}
Event: 237.513 GC heap before
{Heap before GC invocations=40 (full 4):
 PSYoungGen      total 454144K, used 451336K [0x00000000d5580000, 0x00000000f6300000, 0x0000000100000000)
  eden space 424960K, 100% used [0x00000000d5580000,0x00000000ef480000,0x00000000ef480000)
  from space 29184K, 90% used [0x00000000ef480000,0x00000000f0e42390,0x00000000f1100000)
  to   space 32256K, 0% used [0x00000000f4380000,0x00000000f4380000,0x00000000f6300000)
 ParOldGen       total 211456K, used 100967K [0x0000000080000000, 0x000000008ce80000, 0x00000000d5580000)
  object space 211456K, 47% used [0x0000000080000000,0x0000000086299c80,0x000000008ce80000)
 Metaspace       used 76162K, capacity 80389K, committed 80600K, reserved 1118208K
  class space    used 10348K, capacity 11174K, committed 11264K, reserved 1048576K

