# JRE version: Java(TM) SE Runtime Environment (15.0.1+9) (build 15.0.1+9-18)
# Java VM: Java HotSpot(TM) 64-Bit Server VM (15.0.1+9-18, mixed mode, sharing, tiered, compressed oops, g1 gc, windows-amd64)
GC Precious Log:
 CPUs: 2 total, 2 available
 Memory: 7369M
 Large Page Support: Disabled
 NUMA Support: Disabled
 Compressed Oops: Enabled (32-bit)
 Heap Region Size: 1M
 Heap Min Capacity: 8M
 Heap Initial Capacity: 116M
 Heap Max Capacity: 2G
 Pre-touch: Disabled
 Parallel Workers: 2
 Concurrent Workers: 1
 Concurrent Refinement Workers: 2
 Periodic GC: Disabled
Heap:
 garbage-first heap   total 620544K, used 237568K [0x0000000080000000, 0x0000000100000000)
  region size 1024K, 3 young (3072K), 3 survivors (3072K)
 Metaspace       used 99816K, capacity 101766K, committed 101916K, reserved 1138688K
  class space    used 12538K, capacity 13105K, committed 13184K, reserved 1048576K
GC Heap History (20 events):
Event: 269.471 GC heap after
{Heap after GC invocations=64 (full 0):
 garbage-first heap   total 188416K, used 102301K [0x0000000080000000, 0x0000000100000000)
  region size 1024K, 1 young (1024K), 1 survivors (1024K)
 Metaspace       used 96379K, capacity 98375K, committed 98460K, reserved 1134592K
  class space    used 11966K, capacity 12515K, committed 12544K, reserved 1048576K
}
Event: 272.207 GC heap before
{Heap before GC invocations=64 (full 0):
 garbage-first heap   total 188416K, used 153501K [0x0000000080000000, 0x0000000100000000)
  region size 1024K, 52 young (53248K), 1 survivors (1024K)
 Metaspace       used 96645K, capacity 98675K, committed 98844K, reserved 1136640K
  class space    used 12003K, capacity 12551K, committed 12672K, reserved 1048576K
}
Event: 272.225 GC heap after
{Heap after GC invocations=65 (full 0):
 garbage-first heap   total 188416K, used 105328K [0x0000000080000000, 0x0000000100000000)
  region size 1024K, 4 young (4096K), 4 survivors (4096K)
 Metaspace       used 96645K, capacity 98675K, committed 98844K, reserved 1136640K
  class space    used 12003K, capacity 12551K, committed 12672K, reserved 1048576K
}
Event: 274.622 GC heap before
{Heap before GC invocations=66 (full 0):
 garbage-first heap   total 188416K, used 131952K [0x0000000080000000, 0x0000000100000000)
  region size 1024K, 35 young (35840K), 4 survivors (4096K)
 Metaspace       used 97430K, capacity 99328K, committed 99356K, reserved 1136640K
  class space    used 12126K, capacity 12655K, committed 12672K, reserved 1048576K
}
Event: 274.640 GC heap after
{Heap after GC invocations=67 (full 0):
 garbage-first heap   total 188416K, used 103959K [0x0000000080000000, 0x0000000100000000)
  region size 1024K, 5 young (5120K), 5 survivors (5120K)
 Metaspace       used 97430K, capacity 99328K, committed 99356K, reserved 1136640K
  class space    used 12126K, capacity 12655K, committed 12672K, reserved 1048576K
}
Event: 275.149 GC heap before
{Heap before GC invocations=68 (full 0):
 garbage-first heap   total 211968K, used 134679K [0x0000000080000000, 0x0000000100000000)
  region size 1024K, 14 young (14336K), 5 survivors (5120K)
 Metaspace       used 97752K, capacity 99712K, committed 99996K, reserved 1136640K
  class space    used 12173K, capacity 12719K, committed 12800K, reserved 1048576K
}
Event: 275.172 GC heap after
{Heap after GC invocations=69 (full 0):
 garbage-first heap   total 211968K, used 131966K [0x0000000080000000, 0x0000000100000000)
  region size 1024K, 7 young (7168K), 7 survivors (7168K)
 Metaspace       used 97752K, capacity 99712K, committed 99996K, reserved 1136640K
  class space    used 12173K, capacity 12719K, committed 12800K, reserved 1048576K
}
Event: 276.008 GC heap before
{Heap before GC invocations=70 (full 0):
 garbage-first heap   total 273408K, used 179070K [0x0000000080000000, 0x0000000100000000)
  region size 1024K, 33 young (33792K), 7 survivors (7168K)
 Metaspace       used 98038K, capacity 100000K, committed 100252K, reserved 1136640K
  class space    used 12208K, capacity 12751K, committed 12800K, reserved 1048576K
}
Event: 276.068 GC heap after
{Heap after GC invocations=71 (full 0):
 garbage-first heap   total 273408K, used 150980K [0x0000000080000000, 0x0000000100000000)
  region size 1024K, 5 young (5120K), 5 survivors (5120K)
 Metaspace       used 98038K, capacity 100000K, committed 100252K, reserved 1136640K
  class space    used 12208K, capacity 12751K, committed 12800K, reserved 1048576K
}
Event: 276.707 GC heap before
{Heap before GC invocations=72 (full 0):
 garbage-first heap   total 273408K, used 161220K [0x0000000080000000, 0x0000000100000000)
  region size 1024K, 15 young (15360K), 5 survivors (5120K)
 Metaspace       used 98038K, capacity 100000K, committed 100252K, reserved 1136640K
  class space    used 12208K, capacity 12751K, committed 12800K, reserved 1048576K
}
Event: 276.771 GC heap after
{Heap after GC invocations=73 (full 0):
 garbage-first heap   total 273408K, used 157002K [0x0000000080000000, 0x0000000100000000)
  region size 1024K, 5 young (5120K), 5 survivors (5120K)
 Metaspace       used 98038K, capacity 100000K, committed 100252K, reserved 1136640K
  class space    used 12208K, capacity 12751K, committed 12800K, reserved 1048576K
}
Event: 277.500 GC heap before
{Heap before GC invocations=74 (full 0):
 garbage-first heap   total 273408K, used 177482K [0x0000000080000000, 0x0000000100000000)
  region size 1024K, 25 young (25600K), 5 survivors (5120K)
 Metaspace       used 98039K, capacity 100000K, committed 100252K, reserved 1136640K
  class space    used 12208K, capacity 12751K, committed 12800K, reserved 1048576K
}
Event: 277.578 GC heap after
{Heap after GC invocations=75 (full 0):
 garbage-first heap   total 273408K, used 167355K [0x0000000080000000, 0x0000000100000000)
  region size 1024K, 6 young (6144K), 6 survivors (6144K)
 Metaspace       used 98039K, capacity 100000K, committed 100252K, reserved 1136640K
  class space    used 12208K, capacity 12751K, committed 12800K, reserved 1048576K
}
Event: 279.304 GC heap before
{Heap before GC invocations=76 (full 0):
 garbage-first heap   total 302080K, used 200123K [0x0000000080000000, 0x0000000100000000)
  region size 1024K, 39 young (39936K), 6 survivors (6144K)
 Metaspace       used 99753K, capacity 101702K, committed 101916K, reserved 1138688K
  class space    used 12537K, capacity 13105K, committed 13184K, reserved 1048576K
}
Event: 279.413 GC heap after
{Heap after GC invocations=77 (full 0):
 garbage-first heap   total 302080K, used 182784K [0x0000000080000000, 0x0000000100000000)
  region size 1024K, 5 young (5120K), 5 survivors (5120K)
 Metaspace       used 99753K, capacity 101702K, committed 101916K, reserved 1138688K
  class space    used 12537K, capacity 13105K, committed 13184K, reserved 1048576K
}
Event: 282.009 GC heap before
{Heap before GC invocations=77 (full 0):
 garbage-first heap   total 302080K, used 221696K [0x0000000080000000, 0x0000000100000000)
  region size 1024K, 44 young (45056K), 5 survivors (5120K)
 Metaspace       used 99771K, capacity 101702K, committed 101916K, reserved 1138688K
  class space    used 12537K, capacity 13105K, committed 13184K, reserved 1048576K
}
Event: 282.171 GC heap after
{Heap after GC invocations=78 (full 0):
 garbage-first heap   total 302080K, used 208384K [0x0000000080000000, 0x0000000100000000)
  region size 1024K, 6 young (6144K), 6 survivors (6144K)
 Metaspace       used 99771K, capacity 101702K, committed 101916K, reserved 1138688K
  class space    used 12537K, capacity 13105K, committed 13184K, reserved 1048576K
}
Event: 282.779 GC heap before
{Heap before GC invocations=78 (full 0):
 garbage-first heap   total 302080K, used 233984K [0x0000000080000000, 0x0000000100000000)
  region size 1024K, 32 young (32768K), 6 survivors (6144K)
 Metaspace       used 99774K, capacity 101702K, committed 101916K, reserved 1138688K
  class space    used 12537K, capacity 13105K, committed 13184K, reserved 1048576K
}
Event: 282.903 GC heap after
{Heap after GC invocations=79 (full 0):
 garbage-first heap   total 302080K, used 226048K [0x0000000080000000, 0x0000000100000000)
  region size 1024K, 4 young (4096K), 4 survivors (4096K)
 Metaspace       used 99774K, capacity 101702K, committed 101916K, reserved 1138688K
  class space    used 12537K, capacity 13105K, committed 13184K, reserved 1048576K
}
Event: 284.027 GC heap before
{Heap before GC invocations=80 (full 0):
 garbage-first heap   total 380928K, used 244480K [0x0000000080000000, 0x0000000100000000)
  region size 1024K, 22 young (22528K), 4 survivors (4096K)
 Metaspace       used 99816K, capacity 101766K, committed 101916K, reserved 1138688K
  class space    used 12538K, capacity 13105K, committed 13184K, reserved 1048576K
}

